2022-07-05 10:41:34,423 - mmcls - INFO - Environment info:
------------------------------------------------------------
sys.platform: linux
Python: 3.8.13 (default, Mar 28 2022, 11:38:47) [GCC 7.5.0]
CUDA available: True
GPU 0: NVIDIA TITAN V
GPU 1: Quadro P6000
GPU 2,3: NVIDIA TITAN X (Pascal)
CUDA_HOME: /usr/local/cuda
NVCC: Cuda compilation tools, release 11.7, V11.7.64
GCC: gcc (Ubuntu 9.4.0-1ubuntu1~20.04.1) 9.4.0
PyTorch: 1.10.0
PyTorch compiling details: PyTorch built with:
  - GCC 7.3
  - C++ Version: 201402
  - Intel(R) oneAPI Math Kernel Library Version 2021.4-Product Build 20210904 for Intel(R) 64 architecture applications
  - Intel(R) MKL-DNN v2.2.3 (Git Hash 7336ca9f055cf1bfa13efb658fe15dc9b41f0740)
  - OpenMP 201511 (a.k.a. OpenMP 4.5)
  - LAPACK is enabled (usually provided by MKL)
  - NNPACK is enabled
  - CPU capability usage: AVX2
  - CUDA Runtime 11.3
  - NVCC architecture flags: -gencode;arch=compute_37,code=sm_37;-gencode;arch=compute_50,code=sm_50;-gencode;arch=compute_60,code=sm_60;-gencode;arch=compute_61,code=sm_61;-gencode;arch=compute_70,code=sm_70;-gencode;arch=compute_75,code=sm_75;-gencode;arch=compute_80,code=sm_80;-gencode;arch=compute_86,code=sm_86;-gencode;arch=compute_37,code=compute_37
  - CuDNN 8.2
  - Magma 2.5.2
  - Build settings: BLAS_INFO=mkl, BUILD_TYPE=Release, CUDA_VERSION=11.3, CUDNN_VERSION=8.2.0, CXX_COMPILER=/opt/rh/devtoolset-7/root/usr/bin/c++, CXX_FLAGS= -Wno-deprecated -fvisibility-inlines-hidden -DUSE_PTHREADPOOL -fopenmp -DNDEBUG -DUSE_KINETO -DUSE_FBGEMM -DUSE_QNNPACK -DUSE_PYTORCH_QNNPACK -DUSE_XNNPACK -DSYMBOLICATE_MOBILE_DEBUG_HANDLE -DEDGE_PROFILER_USE_KINETO -O2 -fPIC -Wno-narrowing -Wall -Wextra -Werror=return-type -Wno-missing-field-initializers -Wno-type-limits -Wno-array-bounds -Wno-unknown-pragmas -Wno-sign-compare -Wno-unused-parameter -Wno-unused-variable -Wno-unused-function -Wno-unused-result -Wno-unused-local-typedefs -Wno-strict-overflow -Wno-strict-aliasing -Wno-error=deprecated-declarations -Wno-stringop-overflow -Wno-psabi -Wno-error=pedantic -Wno-error=redundant-decls -Wno-error=old-style-cast -fdiagnostics-color=always -faligned-new -Wno-unused-but-set-variable -Wno-maybe-uninitialized -fno-math-errno -fno-trapping-math -Werror=format -Wno-stringop-overflow, LAPACK_INFO=mkl, PERF_WITH_AVX=1, PERF_WITH_AVX2=1, PERF_WITH_AVX512=1, TORCH_VERSION=1.10.0, USE_CUDA=ON, USE_CUDNN=ON, USE_EXCEPTION_PTR=1, USE_GFLAGS=OFF, USE_GLOG=OFF, USE_MKL=ON, USE_MKLDNN=ON, USE_MPI=OFF, USE_NCCL=ON, USE_NNPACK=ON, USE_OPENMP=ON, 

TorchVision: 0.11.0
OpenCV: 4.6.0
MMCV: 1.5.3
MMCV Compiler: GCC 7.3
MMCV CUDA Compiler: 11.3
MMClassification: 0.23.1+8825083
------------------------------------------------------------

2022-07-05 10:41:34,424 - mmcls - INFO - Distributed training: True
2022-07-05 10:41:34,876 - mmcls - INFO - Config:
dataset_type = 'FoodSeg103'
img_norm_cfg = dict(
    mean=[123.675, 116.28, 103.53], std=[58.395, 57.12, 57.375], to_rgb=True)
train_pipeline = [
    dict(type='LoadImageFromFile'),
    dict(type='RandomResizedCrop', size=224),
    dict(type='RandomFlip', flip_prob=0.5, direction='horizontal'),
    dict(
        type='Normalize',
        mean=[123.675, 116.28, 103.53],
        std=[58.395, 57.12, 57.375],
        to_rgb=True),
    dict(type='ImageToTensor', keys=['img']),
    dict(type='ToTensor', keys=['gt_label']),
    dict(type='Collect', keys=['img', 'gt_label'])
]
test_pipeline = [
    dict(type='LoadImageFromFile'),
    dict(type='Resize', size=(256, -1)),
    dict(type='CenterCrop', crop_size=224),
    dict(
        type='Normalize',
        mean=[123.675, 116.28, 103.53],
        std=[58.395, 57.12, 57.375],
        to_rgb=True),
    dict(type='ImageToTensor', keys=['img']),
    dict(type='Collect', keys=['img'])
]
data = dict(
    samples_per_gpu=16,
    workers_per_gpu=4,
    train=dict(
        type='FoodSeg103',
        data_prefix='FoodSeg103Classification/data',
        ann_file='FoodSeg103Classification/data/train.txt',
        pipeline=[
            dict(type='LoadImageFromFile'),
            dict(type='RandomResizedCrop', size=224),
            dict(type='RandomFlip', flip_prob=0.5, direction='horizontal'),
            dict(
                type='Normalize',
                mean=[123.675, 116.28, 103.53],
                std=[58.395, 57.12, 57.375],
                to_rgb=True),
            dict(type='ImageToTensor', keys=['img']),
            dict(type='ToTensor', keys=['gt_label']),
            dict(type='Collect', keys=['img', 'gt_label'])
        ]),
    val=dict(
        type='FoodSeg103',
        data_prefix='FoodSeg103Classification/data',
        ann_file='FoodSeg103Classification/data/test.txt',
        pipeline=[
            dict(type='LoadImageFromFile'),
            dict(type='Resize', size=(256, -1)),
            dict(type='CenterCrop', crop_size=224),
            dict(
                type='Normalize',
                mean=[123.675, 116.28, 103.53],
                std=[58.395, 57.12, 57.375],
                to_rgb=True),
            dict(type='ImageToTensor', keys=['img']),
            dict(type='Collect', keys=['img'])
        ]),
    test=dict(
        type='FoodSeg103',
        data_prefix='FoodSeg103Classification/data',
        ann_file='FoodSeg103Classification/data/test.txt',
        pipeline=[
            dict(type='LoadImageFromFile'),
            dict(type='Resize', size=(256, -1)),
            dict(type='CenterCrop', crop_size=224),
            dict(
                type='Normalize',
                mean=[123.675, 116.28, 103.53],
                std=[58.395, 57.12, 57.375],
                to_rgb=True),
            dict(type='ImageToTensor', keys=['img']),
            dict(type='Collect', keys=['img'])
        ]))
evaluation = dict(interval=1, metric=['mAP', 'ACC'])
checkpoint_config = dict(interval=10)
log_config = dict(interval=10, hooks=[dict(type='TextLoggerHook')])
dist_params = dict(backend='nccl')
log_level = 'INFO'
load_from = None
resume_from = None
workflow = [('train', 1)]
model = dict(
    type='ImageClassifier',
    backbone=dict(
        type='MobileNetV3',
        arch='large',
        init_cfg=dict(
            type='Pretrained',
            checkpoint=
            'https://download.openmmlab.com/mmclassification/v0/mobilenet_v3/convert/mobilenet_v3_large-3ea3c186.pth',
            prefix='backbone')),
    neck=dict(type='GlobalAveragePooling'),
    head=dict(
        type='MultiLabelLinearClsHead',
        num_classes=10,
        in_channels=960,
        loss=dict(type='CrossEntropyLoss', loss_weight=1.0, use_sigmoid=True)))
optimizer = dict(
    type='SGD',
    lr=0.001,
    momentum=0.9,
    weight_decay=0,
    paramwise_cfg=dict(
        custom_keys=dict({'.backbone.classifier': dict(lr_mult=10)})))
optimizer_config = dict(grad_clip=None)
lr_config = dict(policy='step', step=20, gamma=0.1)
runner = dict(type='EpochBasedRunner', max_epochs=40)
work_dir = './work_dirs/mobile_v3_l_4xb16_combined'
gpu_ids = range(0, 4)

2022-07-05 10:41:39,748 - mmcls - INFO - Set random seed to 2035687690, deterministic: False
2022-07-05 10:41:39,844 - mmcls - INFO - initialize MobileNetV3 with init_cfg {'type': 'Pretrained', 'checkpoint': 'https://download.openmmlab.com/mmclassification/v0/mobilenet_v3/convert/mobilenet_v3_large-3ea3c186.pth', 'prefix': 'backbone'}
2022-07-05 10:41:39,908 - mmcls - INFO - initialize MultiLabelLinearClsHead with init_cfg {'type': 'Normal', 'layer': 'Linear', 'std': 0.01}
Name of parameter - Initialization information

backbone.layer0.conv.weight - torch.Size([16, 3, 3, 3]): 
PretrainedInit: load from https://download.openmmlab.com/mmclassification/v0/mobilenet_v3/convert/mobilenet_v3_large-3ea3c186.pth 

backbone.layer0.bn.weight - torch.Size([16]): 
PretrainedInit: load from https://download.openmmlab.com/mmclassification/v0/mobilenet_v3/convert/mobilenet_v3_large-3ea3c186.pth 

backbone.layer0.bn.bias - torch.Size([16]): 
PretrainedInit: load from https://download.openmmlab.com/mmclassification/v0/mobilenet_v3/convert/mobilenet_v3_large-3ea3c186.pth 

backbone.layer1.depthwise_conv.conv.weight - torch.Size([16, 1, 3, 3]): 
PretrainedInit: load from https://download.openmmlab.com/mmclassification/v0/mobilenet_v3/convert/mobilenet_v3_large-3ea3c186.pth 

backbone.layer1.depthwise_conv.bn.weight - torch.Size([16]): 
PretrainedInit: load from https://download.openmmlab.com/mmclassification/v0/mobilenet_v3/convert/mobilenet_v3_large-3ea3c186.pth 

backbone.layer1.depthwise_conv.bn.bias - torch.Size([16]): 
PretrainedInit: load from https://download.openmmlab.com/mmclassification/v0/mobilenet_v3/convert/mobilenet_v3_large-3ea3c186.pth 

backbone.layer1.linear_conv.conv.weight - torch.Size([16, 16, 1, 1]): 
PretrainedInit: load from https://download.openmmlab.com/mmclassification/v0/mobilenet_v3/convert/mobilenet_v3_large-3ea3c186.pth 

backbone.layer1.linear_conv.bn.weight - torch.Size([16]): 
PretrainedInit: load from https://download.openmmlab.com/mmclassification/v0/mobilenet_v3/convert/mobilenet_v3_large-3ea3c186.pth 

backbone.layer1.linear_conv.bn.bias - torch.Size([16]): 
PretrainedInit: load from https://download.openmmlab.com/mmclassification/v0/mobilenet_v3/convert/mobilenet_v3_large-3ea3c186.pth 

backbone.layer2.expand_conv.conv.weight - torch.Size([64, 16, 1, 1]): 
PretrainedInit: load from https://download.openmmlab.com/mmclassification/v0/mobilenet_v3/convert/mobilenet_v3_large-3ea3c186.pth 

backbone.layer2.expand_conv.bn.weight - torch.Size([64]): 
PretrainedInit: load from https://download.openmmlab.com/mmclassification/v0/mobilenet_v3/convert/mobilenet_v3_large-3ea3c186.pth 

backbone.layer2.expand_conv.bn.bias - torch.Size([64]): 
PretrainedInit: load from https://download.openmmlab.com/mmclassification/v0/mobilenet_v3/convert/mobilenet_v3_large-3ea3c186.pth 

backbone.layer2.depthwise_conv.conv.weight - torch.Size([64, 1, 3, 3]): 
PretrainedInit: load from https://download.openmmlab.com/mmclassification/v0/mobilenet_v3/convert/mobilenet_v3_large-3ea3c186.pth 

backbone.layer2.depthwise_conv.bn.weight - torch.Size([64]): 
PretrainedInit: load from https://download.openmmlab.com/mmclassification/v0/mobilenet_v3/convert/mobilenet_v3_large-3ea3c186.pth 

backbone.layer2.depthwise_conv.bn.bias - torch.Size([64]): 
PretrainedInit: load from https://download.openmmlab.com/mmclassification/v0/mobilenet_v3/convert/mobilenet_v3_large-3ea3c186.pth 

backbone.layer2.linear_conv.conv.weight - torch.Size([24, 64, 1, 1]): 
PretrainedInit: load from https://download.openmmlab.com/mmclassification/v0/mobilenet_v3/convert/mobilenet_v3_large-3ea3c186.pth 

backbone.layer2.linear_conv.bn.weight - torch.Size([24]): 
PretrainedInit: load from https://download.openmmlab.com/mmclassification/v0/mobilenet_v3/convert/mobilenet_v3_large-3ea3c186.pth 

backbone.layer2.linear_conv.bn.bias - torch.Size([24]): 
PretrainedInit: load from https://download.openmmlab.com/mmclassification/v0/mobilenet_v3/convert/mobilenet_v3_large-3ea3c186.pth 

backbone.layer3.expand_conv.conv.weight - torch.Size([72, 24, 1, 1]): 
PretrainedInit: load from https://download.openmmlab.com/mmclassification/v0/mobilenet_v3/convert/mobilenet_v3_large-3ea3c186.pth 

backbone.layer3.expand_conv.bn.weight - torch.Size([72]): 
PretrainedInit: load from https://download.openmmlab.com/mmclassification/v0/mobilenet_v3/convert/mobilenet_v3_large-3ea3c186.pth 

backbone.layer3.expand_conv.bn.bias - torch.Size([72]): 
PretrainedInit: load from https://download.openmmlab.com/mmclassification/v0/mobilenet_v3/convert/mobilenet_v3_large-3ea3c186.pth 

backbone.layer3.depthwise_conv.conv.weight - torch.Size([72, 1, 3, 3]): 
PretrainedInit: load from https://download.openmmlab.com/mmclassification/v0/mobilenet_v3/convert/mobilenet_v3_large-3ea3c186.pth 

backbone.layer3.depthwise_conv.bn.weight - torch.Size([72]): 
PretrainedInit: load from https://download.openmmlab.com/mmclassification/v0/mobilenet_v3/convert/mobilenet_v3_large-3ea3c186.pth 

backbone.layer3.depthwise_conv.bn.bias - torch.Size([72]): 
PretrainedInit: load from https://download.openmmlab.com/mmclassification/v0/mobilenet_v3/convert/mobilenet_v3_large-3ea3c186.pth 

backbone.layer3.linear_conv.conv.weight - torch.Size([24, 72, 1, 1]): 
PretrainedInit: load from https://download.openmmlab.com/mmclassification/v0/mobilenet_v3/convert/mobilenet_v3_large-3ea3c186.pth 

backbone.layer3.linear_conv.bn.weight - torch.Size([24]): 
PretrainedInit: load from https://download.openmmlab.com/mmclassification/v0/mobilenet_v3/convert/mobilenet_v3_large-3ea3c186.pth 

backbone.layer3.linear_conv.bn.bias - torch.Size([24]): 
PretrainedInit: load from https://download.openmmlab.com/mmclassification/v0/mobilenet_v3/convert/mobilenet_v3_large-3ea3c186.pth 

backbone.layer4.expand_conv.conv.weight - torch.Size([72, 24, 1, 1]): 
PretrainedInit: load from https://download.openmmlab.com/mmclassification/v0/mobilenet_v3/convert/mobilenet_v3_large-3ea3c186.pth 

backbone.layer4.expand_conv.bn.weight - torch.Size([72]): 
PretrainedInit: load from https://download.openmmlab.com/mmclassification/v0/mobilenet_v3/convert/mobilenet_v3_large-3ea3c186.pth 

backbone.layer4.expand_conv.bn.bias - torch.Size([72]): 
PretrainedInit: load from https://download.openmmlab.com/mmclassification/v0/mobilenet_v3/convert/mobilenet_v3_large-3ea3c186.pth 

backbone.layer4.depthwise_conv.conv.weight - torch.Size([72, 1, 5, 5]): 
PretrainedInit: load from https://download.openmmlab.com/mmclassification/v0/mobilenet_v3/convert/mobilenet_v3_large-3ea3c186.pth 

backbone.layer4.depthwise_conv.bn.weight - torch.Size([72]): 
PretrainedInit: load from https://download.openmmlab.com/mmclassification/v0/mobilenet_v3/convert/mobilenet_v3_large-3ea3c186.pth 

backbone.layer4.depthwise_conv.bn.bias - torch.Size([72]): 
PretrainedInit: load from https://download.openmmlab.com/mmclassification/v0/mobilenet_v3/convert/mobilenet_v3_large-3ea3c186.pth 

backbone.layer4.se.conv1.conv.weight - torch.Size([24, 72, 1, 1]): 
PretrainedInit: load from https://download.openmmlab.com/mmclassification/v0/mobilenet_v3/convert/mobilenet_v3_large-3ea3c186.pth 

backbone.layer4.se.conv1.conv.bias - torch.Size([24]): 
PretrainedInit: load from https://download.openmmlab.com/mmclassification/v0/mobilenet_v3/convert/mobilenet_v3_large-3ea3c186.pth 

backbone.layer4.se.conv2.conv.weight - torch.Size([72, 24, 1, 1]): 
PretrainedInit: load from https://download.openmmlab.com/mmclassification/v0/mobilenet_v3/convert/mobilenet_v3_large-3ea3c186.pth 

backbone.layer4.se.conv2.conv.bias - torch.Size([72]): 
PretrainedInit: load from https://download.openmmlab.com/mmclassification/v0/mobilenet_v3/convert/mobilenet_v3_large-3ea3c186.pth 

backbone.layer4.linear_conv.conv.weight - torch.Size([40, 72, 1, 1]): 
PretrainedInit: load from https://download.openmmlab.com/mmclassification/v0/mobilenet_v3/convert/mobilenet_v3_large-3ea3c186.pth 

backbone.layer4.linear_conv.bn.weight - torch.Size([40]): 
PretrainedInit: load from https://download.openmmlab.com/mmclassification/v0/mobilenet_v3/convert/mobilenet_v3_large-3ea3c186.pth 

backbone.layer4.linear_conv.bn.bias - torch.Size([40]): 
PretrainedInit: load from https://download.openmmlab.com/mmclassification/v0/mobilenet_v3/convert/mobilenet_v3_large-3ea3c186.pth 

backbone.layer5.expand_conv.conv.weight - torch.Size([120, 40, 1, 1]): 
PretrainedInit: load from https://download.openmmlab.com/mmclassification/v0/mobilenet_v3/convert/mobilenet_v3_large-3ea3c186.pth 

backbone.layer5.expand_conv.bn.weight - torch.Size([120]): 
PretrainedInit: load from https://download.openmmlab.com/mmclassification/v0/mobilenet_v3/convert/mobilenet_v3_large-3ea3c186.pth 

backbone.layer5.expand_conv.bn.bias - torch.Size([120]): 
PretrainedInit: load from https://download.openmmlab.com/mmclassification/v0/mobilenet_v3/convert/mobilenet_v3_large-3ea3c186.pth 

backbone.layer5.depthwise_conv.conv.weight - torch.Size([120, 1, 5, 5]): 
PretrainedInit: load from https://download.openmmlab.com/mmclassification/v0/mobilenet_v3/convert/mobilenet_v3_large-3ea3c186.pth 

backbone.layer5.depthwise_conv.bn.weight - torch.Size([120]): 
PretrainedInit: load from https://download.openmmlab.com/mmclassification/v0/mobilenet_v3/convert/mobilenet_v3_large-3ea3c186.pth 

backbone.layer5.depthwise_conv.bn.bias - torch.Size([120]): 
PretrainedInit: load from https://download.openmmlab.com/mmclassification/v0/mobilenet_v3/convert/mobilenet_v3_large-3ea3c186.pth 

backbone.layer5.se.conv1.conv.weight - torch.Size([32, 120, 1, 1]): 
PretrainedInit: load from https://download.openmmlab.com/mmclassification/v0/mobilenet_v3/convert/mobilenet_v3_large-3ea3c186.pth 

backbone.layer5.se.conv1.conv.bias - torch.Size([32]): 
PretrainedInit: load from https://download.openmmlab.com/mmclassification/v0/mobilenet_v3/convert/mobilenet_v3_large-3ea3c186.pth 

backbone.layer5.se.conv2.conv.weight - torch.Size([120, 32, 1, 1]): 
PretrainedInit: load from https://download.openmmlab.com/mmclassification/v0/mobilenet_v3/convert/mobilenet_v3_large-3ea3c186.pth 

backbone.layer5.se.conv2.conv.bias - torch.Size([120]): 
PretrainedInit: load from https://download.openmmlab.com/mmclassification/v0/mobilenet_v3/convert/mobilenet_v3_large-3ea3c186.pth 

backbone.layer5.linear_conv.conv.weight - torch.Size([40, 120, 1, 1]): 
PretrainedInit: load from https://download.openmmlab.com/mmclassification/v0/mobilenet_v3/convert/mobilenet_v3_large-3ea3c186.pth 

backbone.layer5.linear_conv.bn.weight - torch.Size([40]): 
PretrainedInit: load from https://download.openmmlab.com/mmclassification/v0/mobilenet_v3/convert/mobilenet_v3_large-3ea3c186.pth 

backbone.layer5.linear_conv.bn.bias - torch.Size([40]): 
PretrainedInit: load from https://download.openmmlab.com/mmclassification/v0/mobilenet_v3/convert/mobilenet_v3_large-3ea3c186.pth 

backbone.layer6.expand_conv.conv.weight - torch.Size([120, 40, 1, 1]): 
PretrainedInit: load from https://download.openmmlab.com/mmclassification/v0/mobilenet_v3/convert/mobilenet_v3_large-3ea3c186.pth 

backbone.layer6.expand_conv.bn.weight - torch.Size([120]): 
PretrainedInit: load from https://download.openmmlab.com/mmclassification/v0/mobilenet_v3/convert/mobilenet_v3_large-3ea3c186.pth 

backbone.layer6.expand_conv.bn.bias - torch.Size([120]): 
PretrainedInit: load from https://download.openmmlab.com/mmclassification/v0/mobilenet_v3/convert/mobilenet_v3_large-3ea3c186.pth 

backbone.layer6.depthwise_conv.conv.weight - torch.Size([120, 1, 5, 5]): 
PretrainedInit: load from https://download.openmmlab.com/mmclassification/v0/mobilenet_v3/convert/mobilenet_v3_large-3ea3c186.pth 

backbone.layer6.depthwise_conv.bn.weight - torch.Size([120]): 
PretrainedInit: load from https://download.openmmlab.com/mmclassification/v0/mobilenet_v3/convert/mobilenet_v3_large-3ea3c186.pth 

backbone.layer6.depthwise_conv.bn.bias - torch.Size([120]): 
PretrainedInit: load from https://download.openmmlab.com/mmclassification/v0/mobilenet_v3/convert/mobilenet_v3_large-3ea3c186.pth 

backbone.layer6.se.conv1.conv.weight - torch.Size([32, 120, 1, 1]): 
PretrainedInit: load from https://download.openmmlab.com/mmclassification/v0/mobilenet_v3/convert/mobilenet_v3_large-3ea3c186.pth 

backbone.layer6.se.conv1.conv.bias - torch.Size([32]): 
PretrainedInit: load from https://download.openmmlab.com/mmclassification/v0/mobilenet_v3/convert/mobilenet_v3_large-3ea3c186.pth 

backbone.layer6.se.conv2.conv.weight - torch.Size([120, 32, 1, 1]): 
PretrainedInit: load from https://download.openmmlab.com/mmclassification/v0/mobilenet_v3/convert/mobilenet_v3_large-3ea3c186.pth 

backbone.layer6.se.conv2.conv.bias - torch.Size([120]): 
PretrainedInit: load from https://download.openmmlab.com/mmclassification/v0/mobilenet_v3/convert/mobilenet_v3_large-3ea3c186.pth 

backbone.layer6.linear_conv.conv.weight - torch.Size([40, 120, 1, 1]): 
PretrainedInit: load from https://download.openmmlab.com/mmclassification/v0/mobilenet_v3/convert/mobilenet_v3_large-3ea3c186.pth 

backbone.layer6.linear_conv.bn.weight - torch.Size([40]): 
PretrainedInit: load from https://download.openmmlab.com/mmclassification/v0/mobilenet_v3/convert/mobilenet_v3_large-3ea3c186.pth 

backbone.layer6.linear_conv.bn.bias - torch.Size([40]): 
PretrainedInit: load from https://download.openmmlab.com/mmclassification/v0/mobilenet_v3/convert/mobilenet_v3_large-3ea3c186.pth 

backbone.layer7.expand_conv.conv.weight - torch.Size([240, 40, 1, 1]): 
PretrainedInit: load from https://download.openmmlab.com/mmclassification/v0/mobilenet_v3/convert/mobilenet_v3_large-3ea3c186.pth 

backbone.layer7.expand_conv.bn.weight - torch.Size([240]): 
PretrainedInit: load from https://download.openmmlab.com/mmclassification/v0/mobilenet_v3/convert/mobilenet_v3_large-3ea3c186.pth 

backbone.layer7.expand_conv.bn.bias - torch.Size([240]): 
PretrainedInit: load from https://download.openmmlab.com/mmclassification/v0/mobilenet_v3/convert/mobilenet_v3_large-3ea3c186.pth 

backbone.layer7.depthwise_conv.conv.weight - torch.Size([240, 1, 3, 3]): 
PretrainedInit: load from https://download.openmmlab.com/mmclassification/v0/mobilenet_v3/convert/mobilenet_v3_large-3ea3c186.pth 

backbone.layer7.depthwise_conv.bn.weight - torch.Size([240]): 
PretrainedInit: load from https://download.openmmlab.com/mmclassification/v0/mobilenet_v3/convert/mobilenet_v3_large-3ea3c186.pth 

backbone.layer7.depthwise_conv.bn.bias - torch.Size([240]): 
PretrainedInit: load from https://download.openmmlab.com/mmclassification/v0/mobilenet_v3/convert/mobilenet_v3_large-3ea3c186.pth 

backbone.layer7.linear_conv.conv.weight - torch.Size([80, 240, 1, 1]): 
PretrainedInit: load from https://download.openmmlab.com/mmclassification/v0/mobilenet_v3/convert/mobilenet_v3_large-3ea3c186.pth 

backbone.layer7.linear_conv.bn.weight - torch.Size([80]): 
PretrainedInit: load from https://download.openmmlab.com/mmclassification/v0/mobilenet_v3/convert/mobilenet_v3_large-3ea3c186.pth 

backbone.layer7.linear_conv.bn.bias - torch.Size([80]): 
PretrainedInit: load from https://download.openmmlab.com/mmclassification/v0/mobilenet_v3/convert/mobilenet_v3_large-3ea3c186.pth 

backbone.layer8.expand_conv.conv.weight - torch.Size([200, 80, 1, 1]): 
PretrainedInit: load from https://download.openmmlab.com/mmclassification/v0/mobilenet_v3/convert/mobilenet_v3_large-3ea3c186.pth 

backbone.layer8.expand_conv.bn.weight - torch.Size([200]): 
PretrainedInit: load from https://download.openmmlab.com/mmclassification/v0/mobilenet_v3/convert/mobilenet_v3_large-3ea3c186.pth 

backbone.layer8.expand_conv.bn.bias - torch.Size([200]): 
PretrainedInit: load from https://download.openmmlab.com/mmclassification/v0/mobilenet_v3/convert/mobilenet_v3_large-3ea3c186.pth 

backbone.layer8.depthwise_conv.conv.weight - torch.Size([200, 1, 3, 3]): 
PretrainedInit: load from https://download.openmmlab.com/mmclassification/v0/mobilenet_v3/convert/mobilenet_v3_large-3ea3c186.pth 

backbone.layer8.depthwise_conv.bn.weight - torch.Size([200]): 
PretrainedInit: load from https://download.openmmlab.com/mmclassification/v0/mobilenet_v3/convert/mobilenet_v3_large-3ea3c186.pth 

backbone.layer8.depthwise_conv.bn.bias - torch.Size([200]): 
PretrainedInit: load from https://download.openmmlab.com/mmclassification/v0/mobilenet_v3/convert/mobilenet_v3_large-3ea3c186.pth 

backbone.layer8.linear_conv.conv.weight - torch.Size([80, 200, 1, 1]): 
PretrainedInit: load from https://download.openmmlab.com/mmclassification/v0/mobilenet_v3/convert/mobilenet_v3_large-3ea3c186.pth 

backbone.layer8.linear_conv.bn.weight - torch.Size([80]): 
PretrainedInit: load from https://download.openmmlab.com/mmclassification/v0/mobilenet_v3/convert/mobilenet_v3_large-3ea3c186.pth 

backbone.layer8.linear_conv.bn.bias - torch.Size([80]): 
PretrainedInit: load from https://download.openmmlab.com/mmclassification/v0/mobilenet_v3/convert/mobilenet_v3_large-3ea3c186.pth 

backbone.layer9.expand_conv.conv.weight - torch.Size([184, 80, 1, 1]): 
PretrainedInit: load from https://download.openmmlab.com/mmclassification/v0/mobilenet_v3/convert/mobilenet_v3_large-3ea3c186.pth 

backbone.layer9.expand_conv.bn.weight - torch.Size([184]): 
PretrainedInit: load from https://download.openmmlab.com/mmclassification/v0/mobilenet_v3/convert/mobilenet_v3_large-3ea3c186.pth 

backbone.layer9.expand_conv.bn.bias - torch.Size([184]): 
PretrainedInit: load from https://download.openmmlab.com/mmclassification/v0/mobilenet_v3/convert/mobilenet_v3_large-3ea3c186.pth 

backbone.layer9.depthwise_conv.conv.weight - torch.Size([184, 1, 3, 3]): 
PretrainedInit: load from https://download.openmmlab.com/mmclassification/v0/mobilenet_v3/convert/mobilenet_v3_large-3ea3c186.pth 

backbone.layer9.depthwise_conv.bn.weight - torch.Size([184]): 
PretrainedInit: load from https://download.openmmlab.com/mmclassification/v0/mobilenet_v3/convert/mobilenet_v3_large-3ea3c186.pth 

backbone.layer9.depthwise_conv.bn.bias - torch.Size([184]): 
PretrainedInit: load from https://download.openmmlab.com/mmclassification/v0/mobilenet_v3/convert/mobilenet_v3_large-3ea3c186.pth 

backbone.layer9.linear_conv.conv.weight - torch.Size([80, 184, 1, 1]): 
PretrainedInit: load from https://download.openmmlab.com/mmclassification/v0/mobilenet_v3/convert/mobilenet_v3_large-3ea3c186.pth 

backbone.layer9.linear_conv.bn.weight - torch.Size([80]): 
PretrainedInit: load from https://download.openmmlab.com/mmclassification/v0/mobilenet_v3/convert/mobilenet_v3_large-3ea3c186.pth 

backbone.layer9.linear_conv.bn.bias - torch.Size([80]): 
PretrainedInit: load from https://download.openmmlab.com/mmclassification/v0/mobilenet_v3/convert/mobilenet_v3_large-3ea3c186.pth 

backbone.layer10.expand_conv.conv.weight - torch.Size([184, 80, 1, 1]): 
PretrainedInit: load from https://download.openmmlab.com/mmclassification/v0/mobilenet_v3/convert/mobilenet_v3_large-3ea3c186.pth 

backbone.layer10.expand_conv.bn.weight - torch.Size([184]): 
PretrainedInit: load from https://download.openmmlab.com/mmclassification/v0/mobilenet_v3/convert/mobilenet_v3_large-3ea3c186.pth 

backbone.layer10.expand_conv.bn.bias - torch.Size([184]): 
PretrainedInit: load from https://download.openmmlab.com/mmclassification/v0/mobilenet_v3/convert/mobilenet_v3_large-3ea3c186.pth 

backbone.layer10.depthwise_conv.conv.weight - torch.Size([184, 1, 3, 3]): 
PretrainedInit: load from https://download.openmmlab.com/mmclassification/v0/mobilenet_v3/convert/mobilenet_v3_large-3ea3c186.pth 

backbone.layer10.depthwise_conv.bn.weight - torch.Size([184]): 
PretrainedInit: load from https://download.openmmlab.com/mmclassification/v0/mobilenet_v3/convert/mobilenet_v3_large-3ea3c186.pth 

backbone.layer10.depthwise_conv.bn.bias - torch.Size([184]): 
PretrainedInit: load from https://download.openmmlab.com/mmclassification/v0/mobilenet_v3/convert/mobilenet_v3_large-3ea3c186.pth 

backbone.layer10.linear_conv.conv.weight - torch.Size([80, 184, 1, 1]): 
PretrainedInit: load from https://download.openmmlab.com/mmclassification/v0/mobilenet_v3/convert/mobilenet_v3_large-3ea3c186.pth 

backbone.layer10.linear_conv.bn.weight - torch.Size([80]): 
PretrainedInit: load from https://download.openmmlab.com/mmclassification/v0/mobilenet_v3/convert/mobilenet_v3_large-3ea3c186.pth 

backbone.layer10.linear_conv.bn.bias - torch.Size([80]): 
PretrainedInit: load from https://download.openmmlab.com/mmclassification/v0/mobilenet_v3/convert/mobilenet_v3_large-3ea3c186.pth 

backbone.layer11.expand_conv.conv.weight - torch.Size([480, 80, 1, 1]): 
PretrainedInit: load from https://download.openmmlab.com/mmclassification/v0/mobilenet_v3/convert/mobilenet_v3_large-3ea3c186.pth 

backbone.layer11.expand_conv.bn.weight - torch.Size([480]): 
PretrainedInit: load from https://download.openmmlab.com/mmclassification/v0/mobilenet_v3/convert/mobilenet_v3_large-3ea3c186.pth 

backbone.layer11.expand_conv.bn.bias - torch.Size([480]): 
PretrainedInit: load from https://download.openmmlab.com/mmclassification/v0/mobilenet_v3/convert/mobilenet_v3_large-3ea3c186.pth 

backbone.layer11.depthwise_conv.conv.weight - torch.Size([480, 1, 3, 3]): 
PretrainedInit: load from https://download.openmmlab.com/mmclassification/v0/mobilenet_v3/convert/mobilenet_v3_large-3ea3c186.pth 

backbone.layer11.depthwise_conv.bn.weight - torch.Size([480]): 
PretrainedInit: load from https://download.openmmlab.com/mmclassification/v0/mobilenet_v3/convert/mobilenet_v3_large-3ea3c186.pth 

backbone.layer11.depthwise_conv.bn.bias - torch.Size([480]): 
PretrainedInit: load from https://download.openmmlab.com/mmclassification/v0/mobilenet_v3/convert/mobilenet_v3_large-3ea3c186.pth 

backbone.layer11.se.conv1.conv.weight - torch.Size([120, 480, 1, 1]): 
PretrainedInit: load from https://download.openmmlab.com/mmclassification/v0/mobilenet_v3/convert/mobilenet_v3_large-3ea3c186.pth 

backbone.layer11.se.conv1.conv.bias - torch.Size([120]): 
PretrainedInit: load from https://download.openmmlab.com/mmclassification/v0/mobilenet_v3/convert/mobilenet_v3_large-3ea3c186.pth 

backbone.layer11.se.conv2.conv.weight - torch.Size([480, 120, 1, 1]): 
PretrainedInit: load from https://download.openmmlab.com/mmclassification/v0/mobilenet_v3/convert/mobilenet_v3_large-3ea3c186.pth 

backbone.layer11.se.conv2.conv.bias - torch.Size([480]): 
PretrainedInit: load from https://download.openmmlab.com/mmclassification/v0/mobilenet_v3/convert/mobilenet_v3_large-3ea3c186.pth 

backbone.layer11.linear_conv.conv.weight - torch.Size([112, 480, 1, 1]): 
PretrainedInit: load from https://download.openmmlab.com/mmclassification/v0/mobilenet_v3/convert/mobilenet_v3_large-3ea3c186.pth 

backbone.layer11.linear_conv.bn.weight - torch.Size([112]): 
PretrainedInit: load from https://download.openmmlab.com/mmclassification/v0/mobilenet_v3/convert/mobilenet_v3_large-3ea3c186.pth 

backbone.layer11.linear_conv.bn.bias - torch.Size([112]): 
PretrainedInit: load from https://download.openmmlab.com/mmclassification/v0/mobilenet_v3/convert/mobilenet_v3_large-3ea3c186.pth 

backbone.layer12.expand_conv.conv.weight - torch.Size([672, 112, 1, 1]): 
PretrainedInit: load from https://download.openmmlab.com/mmclassification/v0/mobilenet_v3/convert/mobilenet_v3_large-3ea3c186.pth 

backbone.layer12.expand_conv.bn.weight - torch.Size([672]): 
PretrainedInit: load from https://download.openmmlab.com/mmclassification/v0/mobilenet_v3/convert/mobilenet_v3_large-3ea3c186.pth 

backbone.layer12.expand_conv.bn.bias - torch.Size([672]): 
PretrainedInit: load from https://download.openmmlab.com/mmclassification/v0/mobilenet_v3/convert/mobilenet_v3_large-3ea3c186.pth 

backbone.layer12.depthwise_conv.conv.weight - torch.Size([672, 1, 3, 3]): 
PretrainedInit: load from https://download.openmmlab.com/mmclassification/v0/mobilenet_v3/convert/mobilenet_v3_large-3ea3c186.pth 

backbone.layer12.depthwise_conv.bn.weight - torch.Size([672]): 
PretrainedInit: load from https://download.openmmlab.com/mmclassification/v0/mobilenet_v3/convert/mobilenet_v3_large-3ea3c186.pth 

backbone.layer12.depthwise_conv.bn.bias - torch.Size([672]): 
PretrainedInit: load from https://download.openmmlab.com/mmclassification/v0/mobilenet_v3/convert/mobilenet_v3_large-3ea3c186.pth 

backbone.layer12.se.conv1.conv.weight - torch.Size([168, 672, 1, 1]): 
PretrainedInit: load from https://download.openmmlab.com/mmclassification/v0/mobilenet_v3/convert/mobilenet_v3_large-3ea3c186.pth 

backbone.layer12.se.conv1.conv.bias - torch.Size([168]): 
PretrainedInit: load from https://download.openmmlab.com/mmclassification/v0/mobilenet_v3/convert/mobilenet_v3_large-3ea3c186.pth 

backbone.layer12.se.conv2.conv.weight - torch.Size([672, 168, 1, 1]): 
PretrainedInit: load from https://download.openmmlab.com/mmclassification/v0/mobilenet_v3/convert/mobilenet_v3_large-3ea3c186.pth 

backbone.layer12.se.conv2.conv.bias - torch.Size([672]): 
PretrainedInit: load from https://download.openmmlab.com/mmclassification/v0/mobilenet_v3/convert/mobilenet_v3_large-3ea3c186.pth 

backbone.layer12.linear_conv.conv.weight - torch.Size([112, 672, 1, 1]): 
PretrainedInit: load from https://download.openmmlab.com/mmclassification/v0/mobilenet_v3/convert/mobilenet_v3_large-3ea3c186.pth 

backbone.layer12.linear_conv.bn.weight - torch.Size([112]): 
PretrainedInit: load from https://download.openmmlab.com/mmclassification/v0/mobilenet_v3/convert/mobilenet_v3_large-3ea3c186.pth 

backbone.layer12.linear_conv.bn.bias - torch.Size([112]): 
PretrainedInit: load from https://download.openmmlab.com/mmclassification/v0/mobilenet_v3/convert/mobilenet_v3_large-3ea3c186.pth 

backbone.layer13.expand_conv.conv.weight - torch.Size([672, 112, 1, 1]): 
PretrainedInit: load from https://download.openmmlab.com/mmclassification/v0/mobilenet_v3/convert/mobilenet_v3_large-3ea3c186.pth 

backbone.layer13.expand_conv.bn.weight - torch.Size([672]): 
PretrainedInit: load from https://download.openmmlab.com/mmclassification/v0/mobilenet_v3/convert/mobilenet_v3_large-3ea3c186.pth 

backbone.layer13.expand_conv.bn.bias - torch.Size([672]): 
PretrainedInit: load from https://download.openmmlab.com/mmclassification/v0/mobilenet_v3/convert/mobilenet_v3_large-3ea3c186.pth 

backbone.layer13.depthwise_conv.conv.weight - torch.Size([672, 1, 5, 5]): 
PretrainedInit: load from https://download.openmmlab.com/mmclassification/v0/mobilenet_v3/convert/mobilenet_v3_large-3ea3c186.pth 

backbone.layer13.depthwise_conv.bn.weight - torch.Size([672]): 
PretrainedInit: load from https://download.openmmlab.com/mmclassification/v0/mobilenet_v3/convert/mobilenet_v3_large-3ea3c186.pth 

backbone.layer13.depthwise_conv.bn.bias - torch.Size([672]): 
PretrainedInit: load from https://download.openmmlab.com/mmclassification/v0/mobilenet_v3/convert/mobilenet_v3_large-3ea3c186.pth 

backbone.layer13.se.conv1.conv.weight - torch.Size([168, 672, 1, 1]): 
PretrainedInit: load from https://download.openmmlab.com/mmclassification/v0/mobilenet_v3/convert/mobilenet_v3_large-3ea3c186.pth 

backbone.layer13.se.conv1.conv.bias - torch.Size([168]): 
PretrainedInit: load from https://download.openmmlab.com/mmclassification/v0/mobilenet_v3/convert/mobilenet_v3_large-3ea3c186.pth 

backbone.layer13.se.conv2.conv.weight - torch.Size([672, 168, 1, 1]): 
PretrainedInit: load from https://download.openmmlab.com/mmclassification/v0/mobilenet_v3/convert/mobilenet_v3_large-3ea3c186.pth 

backbone.layer13.se.conv2.conv.bias - torch.Size([672]): 
PretrainedInit: load from https://download.openmmlab.com/mmclassification/v0/mobilenet_v3/convert/mobilenet_v3_large-3ea3c186.pth 

backbone.layer13.linear_conv.conv.weight - torch.Size([160, 672, 1, 1]): 
PretrainedInit: load from https://download.openmmlab.com/mmclassification/v0/mobilenet_v3/convert/mobilenet_v3_large-3ea3c186.pth 

backbone.layer13.linear_conv.bn.weight - torch.Size([160]): 
PretrainedInit: load from https://download.openmmlab.com/mmclassification/v0/mobilenet_v3/convert/mobilenet_v3_large-3ea3c186.pth 

backbone.layer13.linear_conv.bn.bias - torch.Size([160]): 
PretrainedInit: load from https://download.openmmlab.com/mmclassification/v0/mobilenet_v3/convert/mobilenet_v3_large-3ea3c186.pth 

backbone.layer14.expand_conv.conv.weight - torch.Size([960, 160, 1, 1]): 
PretrainedInit: load from https://download.openmmlab.com/mmclassification/v0/mobilenet_v3/convert/mobilenet_v3_large-3ea3c186.pth 

backbone.layer14.expand_conv.bn.weight - torch.Size([960]): 
PretrainedInit: load from https://download.openmmlab.com/mmclassification/v0/mobilenet_v3/convert/mobilenet_v3_large-3ea3c186.pth 

backbone.layer14.expand_conv.bn.bias - torch.Size([960]): 
PretrainedInit: load from https://download.openmmlab.com/mmclassification/v0/mobilenet_v3/convert/mobilenet_v3_large-3ea3c186.pth 

backbone.layer14.depthwise_conv.conv.weight - torch.Size([960, 1, 5, 5]): 
PretrainedInit: load from https://download.openmmlab.com/mmclassification/v0/mobilenet_v3/convert/mobilenet_v3_large-3ea3c186.pth 

backbone.layer14.depthwise_conv.bn.weight - torch.Size([960]): 
PretrainedInit: load from https://download.openmmlab.com/mmclassification/v0/mobilenet_v3/convert/mobilenet_v3_large-3ea3c186.pth 

backbone.layer14.depthwise_conv.bn.bias - torch.Size([960]): 
PretrainedInit: load from https://download.openmmlab.com/mmclassification/v0/mobilenet_v3/convert/mobilenet_v3_large-3ea3c186.pth 

backbone.layer14.se.conv1.conv.weight - torch.Size([240, 960, 1, 1]): 
PretrainedInit: load from https://download.openmmlab.com/mmclassification/v0/mobilenet_v3/convert/mobilenet_v3_large-3ea3c186.pth 

backbone.layer14.se.conv1.conv.bias - torch.Size([240]): 
PretrainedInit: load from https://download.openmmlab.com/mmclassification/v0/mobilenet_v3/convert/mobilenet_v3_large-3ea3c186.pth 

backbone.layer14.se.conv2.conv.weight - torch.Size([960, 240, 1, 1]): 
PretrainedInit: load from https://download.openmmlab.com/mmclassification/v0/mobilenet_v3/convert/mobilenet_v3_large-3ea3c186.pth 

backbone.layer14.se.conv2.conv.bias - torch.Size([960]): 
PretrainedInit: load from https://download.openmmlab.com/mmclassification/v0/mobilenet_v3/convert/mobilenet_v3_large-3ea3c186.pth 

backbone.layer14.linear_conv.conv.weight - torch.Size([160, 960, 1, 1]): 
PretrainedInit: load from https://download.openmmlab.com/mmclassification/v0/mobilenet_v3/convert/mobilenet_v3_large-3ea3c186.pth 

backbone.layer14.linear_conv.bn.weight - torch.Size([160]): 
PretrainedInit: load from https://download.openmmlab.com/mmclassification/v0/mobilenet_v3/convert/mobilenet_v3_large-3ea3c186.pth 

backbone.layer14.linear_conv.bn.bias - torch.Size([160]): 
PretrainedInit: load from https://download.openmmlab.com/mmclassification/v0/mobilenet_v3/convert/mobilenet_v3_large-3ea3c186.pth 

backbone.layer15.expand_conv.conv.weight - torch.Size([960, 160, 1, 1]): 
PretrainedInit: load from https://download.openmmlab.com/mmclassification/v0/mobilenet_v3/convert/mobilenet_v3_large-3ea3c186.pth 

backbone.layer15.expand_conv.bn.weight - torch.Size([960]): 
PretrainedInit: load from https://download.openmmlab.com/mmclassification/v0/mobilenet_v3/convert/mobilenet_v3_large-3ea3c186.pth 

backbone.layer15.expand_conv.bn.bias - torch.Size([960]): 
PretrainedInit: load from https://download.openmmlab.com/mmclassification/v0/mobilenet_v3/convert/mobilenet_v3_large-3ea3c186.pth 

backbone.layer15.depthwise_conv.conv.weight - torch.Size([960, 1, 5, 5]): 
PretrainedInit: load from https://download.openmmlab.com/mmclassification/v0/mobilenet_v3/convert/mobilenet_v3_large-3ea3c186.pth 

backbone.layer15.depthwise_conv.bn.weight - torch.Size([960]): 
PretrainedInit: load from https://download.openmmlab.com/mmclassification/v0/mobilenet_v3/convert/mobilenet_v3_large-3ea3c186.pth 

backbone.layer15.depthwise_conv.bn.bias - torch.Size([960]): 
PretrainedInit: load from https://download.openmmlab.com/mmclassification/v0/mobilenet_v3/convert/mobilenet_v3_large-3ea3c186.pth 

backbone.layer15.se.conv1.conv.weight - torch.Size([240, 960, 1, 1]): 
PretrainedInit: load from https://download.openmmlab.com/mmclassification/v0/mobilenet_v3/convert/mobilenet_v3_large-3ea3c186.pth 

backbone.layer15.se.conv1.conv.bias - torch.Size([240]): 
PretrainedInit: load from https://download.openmmlab.com/mmclassification/v0/mobilenet_v3/convert/mobilenet_v3_large-3ea3c186.pth 

backbone.layer15.se.conv2.conv.weight - torch.Size([960, 240, 1, 1]): 
PretrainedInit: load from https://download.openmmlab.com/mmclassification/v0/mobilenet_v3/convert/mobilenet_v3_large-3ea3c186.pth 

backbone.layer15.se.conv2.conv.bias - torch.Size([960]): 
PretrainedInit: load from https://download.openmmlab.com/mmclassification/v0/mobilenet_v3/convert/mobilenet_v3_large-3ea3c186.pth 

backbone.layer15.linear_conv.conv.weight - torch.Size([160, 960, 1, 1]): 
PretrainedInit: load from https://download.openmmlab.com/mmclassification/v0/mobilenet_v3/convert/mobilenet_v3_large-3ea3c186.pth 

backbone.layer15.linear_conv.bn.weight - torch.Size([160]): 
PretrainedInit: load from https://download.openmmlab.com/mmclassification/v0/mobilenet_v3/convert/mobilenet_v3_large-3ea3c186.pth 

backbone.layer15.linear_conv.bn.bias - torch.Size([160]): 
PretrainedInit: load from https://download.openmmlab.com/mmclassification/v0/mobilenet_v3/convert/mobilenet_v3_large-3ea3c186.pth 

backbone.layer16.conv.weight - torch.Size([960, 160, 1, 1]): 
PretrainedInit: load from https://download.openmmlab.com/mmclassification/v0/mobilenet_v3/convert/mobilenet_v3_large-3ea3c186.pth 

backbone.layer16.bn.weight - torch.Size([960]): 
PretrainedInit: load from https://download.openmmlab.com/mmclassification/v0/mobilenet_v3/convert/mobilenet_v3_large-3ea3c186.pth 

backbone.layer16.bn.bias - torch.Size([960]): 
PretrainedInit: load from https://download.openmmlab.com/mmclassification/v0/mobilenet_v3/convert/mobilenet_v3_large-3ea3c186.pth 

head.fc.weight - torch.Size([10, 960]): 
NormalInit: mean=0, std=0.01, bias=0 

head.fc.bias - torch.Size([10]): 
NormalInit: mean=0, std=0.01, bias=0 
2022-07-05 10:43:00,846 - mmcls - INFO - Start running, host: hli5@manectric, work_dir: /nfs/nfs9/home/nobackup/hli5/FoodCV/work_dirs/mobile_v3_l_4xb16_combined
2022-07-05 10:43:00,846 - mmcls - INFO - Hooks will be executed in the following order:
before_run:
(VERY_HIGH   ) StepLrUpdaterHook                  
(NORMAL      ) CheckpointHook                     
(LOW         ) DistEvalHook                       
(VERY_LOW    ) TextLoggerHook                     
 -------------------- 
before_train_epoch:
(VERY_HIGH   ) StepLrUpdaterHook                  
(NORMAL      ) DistSamplerSeedHook                
(LOW         ) IterTimerHook                      
(LOW         ) DistEvalHook                       
(VERY_LOW    ) TextLoggerHook                     
 -------------------- 
before_train_iter:
(VERY_HIGH   ) StepLrUpdaterHook                  
(LOW         ) IterTimerHook                      
(LOW         ) DistEvalHook                       
 -------------------- 
after_train_iter:
(ABOVE_NORMAL) DistOptimizerHook                  
(NORMAL      ) CheckpointHook                     
(LOW         ) IterTimerHook                      
(LOW         ) DistEvalHook                       
(VERY_LOW    ) TextLoggerHook                     
 -------------------- 
after_train_epoch:
(NORMAL      ) CheckpointHook                     
(LOW         ) DistEvalHook                       
(VERY_LOW    ) TextLoggerHook                     
 -------------------- 
before_val_epoch:
(NORMAL      ) DistSamplerSeedHook                
(LOW         ) IterTimerHook                      
(VERY_LOW    ) TextLoggerHook                     
 -------------------- 
before_val_iter:
(LOW         ) IterTimerHook                      
 -------------------- 
after_val_iter:
(LOW         ) IterTimerHook                      
 -------------------- 
after_val_epoch:
(VERY_LOW    ) TextLoggerHook                     
 -------------------- 
after_run:
(VERY_LOW    ) TextLoggerHook                     
 -------------------- 
2022-07-05 10:43:00,846 - mmcls - INFO - workflow: [('train', 1)], max: 40 epochs
2022-07-05 10:43:00,847 - mmcls - INFO - Checkpoints will be saved to /nfs/nfs9/home/nobackup/hli5/FoodCV/work_dirs/mobile_v3_l_4xb16_combined by HardDiskBackend.
2022-07-05 10:43:07,080 - mmcls - INFO - Epoch [1][10/81]	lr: 1.000e-03, eta: 0:33:27, time: 0.621, data_time: 0.252, memory: 737, loss: 5.8794
2022-07-05 10:43:08,770 - mmcls - INFO - Epoch [1][20/81]	lr: 1.000e-03, eta: 0:21:11, time: 0.168, data_time: 0.025, memory: 737, loss: 4.7313
2022-07-05 10:43:10,983 - mmcls - INFO - Epoch [1][30/81]	lr: 1.000e-03, eta: 0:18:03, time: 0.223, data_time: 0.003, memory: 737, loss: 4.3900
2022-07-05 10:43:12,307 - mmcls - INFO - Epoch [1][40/81]	lr: 1.000e-03, eta: 0:15:16, time: 0.133, data_time: 0.002, memory: 737, loss: 4.4061
2022-07-05 10:43:14,106 - mmcls - INFO - Epoch [1][50/81]	lr: 1.000e-03, eta: 0:14:05, time: 0.180, data_time: 0.001, memory: 737, loss: 4.3149
2022-07-05 10:43:16,309 - mmcls - INFO - Epoch [1][60/81]	lr: 1.000e-03, eta: 0:13:38, time: 0.218, data_time: 0.057, memory: 737, loss: 4.2342
2022-07-05 10:43:17,889 - mmcls - INFO - Epoch [1][70/81]	lr: 1.000e-03, eta: 0:12:51, time: 0.159, data_time: 0.067, memory: 737, loss: 4.3711
2022-07-05 10:43:19,524 - mmcls - INFO - Epoch [1][80/81]	lr: 1.000e-03, eta: 0:12:16, time: 0.163, data_time: 0.041, memory: 737, loss: 4.1936
2022-07-05 10:43:23,841 - mmcls - INFO - Epoch(val) [1][32]	mAP: 46.0764, ACC: 0.8306
2022-07-05 10:43:27,923 - mmcls - INFO - Epoch [2][10/81]	lr: 1.000e-03, eta: 0:13:06, time: 0.407, data_time: 0.289, memory: 737, loss: 3.9612
2022-07-05 10:43:29,472 - mmcls - INFO - Epoch [2][20/81]	lr: 1.000e-03, eta: 0:12:34, time: 0.155, data_time: 0.002, memory: 737, loss: 4.1014
2022-07-05 10:43:31,091 - mmcls - INFO - Epoch [2][30/81]	lr: 1.000e-03, eta: 0:12:09, time: 0.162, data_time: 0.002, memory: 737, loss: 4.0566
2022-07-05 10:43:32,985 - mmcls - INFO - Epoch [2][40/81]	lr: 1.000e-03, eta: 0:11:56, time: 0.190, data_time: 0.004, memory: 737, loss: 3.9882
2022-07-05 10:43:34,486 - mmcls - INFO - Epoch [2][50/81]	lr: 1.000e-03, eta: 0:11:35, time: 0.150, data_time: 0.001, memory: 737, loss: 3.8253
2022-07-05 10:43:36,171 - mmcls - INFO - Epoch [2][60/81]	lr: 1.000e-03, eta: 0:11:20, time: 0.167, data_time: 0.003, memory: 737, loss: 3.8821
2022-07-05 10:43:37,614 - mmcls - INFO - Epoch [2][70/81]	lr: 1.000e-03, eta: 0:11:02, time: 0.144, data_time: 0.003, memory: 737, loss: 3.8491
2022-07-05 10:43:38,780 - mmcls - INFO - Epoch [2][80/81]	lr: 1.000e-03, eta: 0:10:42, time: 0.118, data_time: 0.003, memory: 737, loss: 3.9000
2022-07-05 10:43:43,158 - mmcls - INFO - Epoch(val) [2][32]	mAP: 51.1984, ACC: 0.8550
2022-07-05 10:43:47,797 - mmcls - INFO - Epoch [3][10/81]	lr: 1.000e-03, eta: 0:11:21, time: 0.463, data_time: 0.217, memory: 737, loss: 3.7708
2022-07-05 10:43:49,477 - mmcls - INFO - Epoch [3][20/81]	lr: 1.000e-03, eta: 0:11:09, time: 0.166, data_time: 0.020, memory: 737, loss: 3.8679
2022-07-05 10:43:51,415 - mmcls - INFO - Epoch [3][30/81]	lr: 1.000e-03, eta: 0:11:04, time: 0.196, data_time: 0.062, memory: 737, loss: 3.7478
2022-07-05 10:43:53,097 - mmcls - INFO - Epoch [3][40/81]	lr: 1.000e-03, eta: 0:10:53, time: 0.163, data_time: 0.002, memory: 737, loss: 3.7462
2022-07-05 10:43:54,881 - mmcls - INFO - Epoch [3][50/81]	lr: 1.000e-03, eta: 0:10:46, time: 0.180, data_time: 0.007, memory: 737, loss: 3.7556
2022-07-05 10:43:56,535 - mmcls - INFO - Epoch [3][60/81]	lr: 1.000e-03, eta: 0:10:38, time: 0.168, data_time: 0.004, memory: 737, loss: 3.7021
2022-07-05 10:43:58,333 - mmcls - INFO - Epoch [3][70/81]	lr: 1.000e-03, eta: 0:10:31, time: 0.177, data_time: 0.005, memory: 737, loss: 3.6119
2022-07-05 10:43:59,538 - mmcls - INFO - Epoch [3][80/81]	lr: 1.000e-03, eta: 0:10:18, time: 0.122, data_time: 0.006, memory: 737, loss: 3.5950
2022-07-05 10:44:03,769 - mmcls - INFO - Epoch(val) [3][32]	mAP: 53.0604, ACC: 0.8612
2022-07-05 10:44:08,262 - mmcls - INFO - Epoch [4][10/81]	lr: 1.000e-03, eta: 0:10:42, time: 0.447, data_time: 0.265, memory: 737, loss: 3.6629
2022-07-05 10:44:10,191 - mmcls - INFO - Epoch [4][20/81]	lr: 1.000e-03, eta: 0:10:37, time: 0.192, data_time: 0.003, memory: 737, loss: 3.6116
2022-07-05 10:44:11,559 - mmcls - INFO - Epoch [4][30/81]	lr: 1.000e-03, eta: 0:10:27, time: 0.137, data_time: 0.003, memory: 737, loss: 3.5934
2022-07-05 10:44:13,470 - mmcls - INFO - Epoch [4][40/81]	lr: 1.000e-03, eta: 0:10:22, time: 0.190, data_time: 0.007, memory: 737, loss: 3.5419
2022-07-05 10:44:15,341 - mmcls - INFO - Epoch [4][50/81]	lr: 1.000e-03, eta: 0:10:18, time: 0.188, data_time: 0.004, memory: 737, loss: 3.5732
2022-07-05 10:44:17,015 - mmcls - INFO - Epoch [4][60/81]	lr: 1.000e-03, eta: 0:10:11, time: 0.165, data_time: 0.004, memory: 737, loss: 3.5291
2022-07-05 10:44:18,635 - mmcls - INFO - Epoch [4][70/81]	lr: 1.000e-03, eta: 0:10:05, time: 0.162, data_time: 0.043, memory: 737, loss: 3.5717
2022-07-05 10:44:19,975 - mmcls - INFO - Epoch [4][80/81]	lr: 1.000e-03, eta: 0:09:57, time: 0.135, data_time: 0.005, memory: 737, loss: 3.4418
2022-07-05 10:44:24,129 - mmcls - INFO - Epoch(val) [4][32]	mAP: 54.7432, ACC: 0.8670
2022-07-05 10:44:28,795 - mmcls - INFO - Epoch [5][10/81]	lr: 1.000e-03, eta: 0:10:15, time: 0.464, data_time: 0.231, memory: 737, loss: 3.4607
2022-07-05 10:44:30,068 - mmcls - INFO - Epoch [5][20/81]	lr: 1.000e-03, eta: 0:10:06, time: 0.125, data_time: 0.004, memory: 737, loss: 3.4226
2022-07-05 10:44:31,492 - mmcls - INFO - Epoch [5][30/81]	lr: 1.000e-03, eta: 0:09:58, time: 0.143, data_time: 0.007, memory: 737, loss: 3.4004
2022-07-05 10:44:33,323 - mmcls - INFO - Epoch [5][40/81]	lr: 1.000e-03, eta: 0:09:54, time: 0.181, data_time: 0.027, memory: 737, loss: 3.4914
2022-07-05 10:44:35,656 - mmcls - INFO - Epoch [5][50/81]	lr: 1.000e-03, eta: 0:09:54, time: 0.237, data_time: 0.033, memory: 737, loss: 3.4231
2022-07-05 10:44:37,514 - mmcls - INFO - Epoch [5][60/81]	lr: 1.000e-03, eta: 0:09:51, time: 0.186, data_time: 0.021, memory: 737, loss: 3.5287
2022-07-05 10:44:39,344 - mmcls - INFO - Epoch [5][70/81]	lr: 1.000e-03, eta: 0:09:47, time: 0.180, data_time: 0.011, memory: 737, loss: 3.4446
2022-07-05 10:44:40,685 - mmcls - INFO - Epoch [5][80/81]	lr: 1.000e-03, eta: 0:09:40, time: 0.136, data_time: 0.006, memory: 737, loss: 3.4357
2022-07-05 10:44:45,608 - mmcls - INFO - Epoch(val) [5][32]	mAP: 55.8232, ACC: 0.8704
2022-07-05 10:44:50,104 - mmcls - INFO - Epoch [6][10/81]	lr: 1.000e-03, eta: 0:09:52, time: 0.447, data_time: 0.298, memory: 737, loss: 3.4352
2022-07-05 10:44:51,779 - mmcls - INFO - Epoch [6][20/81]	lr: 1.000e-03, eta: 0:09:48, time: 0.168, data_time: 0.003, memory: 737, loss: 3.4140
2022-07-05 10:44:53,375 - mmcls - INFO - Epoch [6][30/81]	lr: 1.000e-03, eta: 0:09:42, time: 0.157, data_time: 0.003, memory: 737, loss: 3.3339
2022-07-05 10:44:55,267 - mmcls - INFO - Epoch [6][40/81]	lr: 1.000e-03, eta: 0:09:39, time: 0.190, data_time: 0.011, memory: 737, loss: 3.4895
2022-07-05 10:44:57,171 - mmcls - INFO - Epoch [6][50/81]	lr: 1.000e-03, eta: 0:09:36, time: 0.191, data_time: 0.033, memory: 737, loss: 3.4327
2022-07-05 10:44:58,943 - mmcls - INFO - Epoch [6][60/81]	lr: 1.000e-03, eta: 0:09:32, time: 0.177, data_time: 0.030, memory: 737, loss: 3.4339
2022-07-05 10:45:00,960 - mmcls - INFO - Epoch [6][70/81]	lr: 1.000e-03, eta: 0:09:30, time: 0.200, data_time: 0.080, memory: 737, loss: 3.2364
2022-07-05 10:45:01,980 - mmcls - INFO - Epoch [6][80/81]	lr: 1.000e-03, eta: 0:09:22, time: 0.103, data_time: 0.009, memory: 737, loss: 3.3368
2022-07-05 10:45:06,107 - mmcls - INFO - Epoch(val) [6][32]	mAP: 56.6091, ACC: 0.8722
2022-07-05 10:45:10,571 - mmcls - INFO - Epoch [7][10/81]	lr: 1.000e-03, eta: 0:09:32, time: 0.444, data_time: 0.220, memory: 737, loss: 3.3364
2022-07-05 10:45:12,240 - mmcls - INFO - Epoch [7][20/81]	lr: 1.000e-03, eta: 0:09:27, time: 0.167, data_time: 0.054, memory: 737, loss: 3.3539
2022-07-05 10:45:13,974 - mmcls - INFO - Epoch [7][30/81]	lr: 1.000e-03, eta: 0:09:23, time: 0.172, data_time: 0.066, memory: 737, loss: 3.3269
2022-07-05 10:45:15,671 - mmcls - INFO - Epoch [7][40/81]	lr: 1.000e-03, eta: 0:09:19, time: 0.171, data_time: 0.014, memory: 737, loss: 3.2524
2022-07-05 10:45:17,399 - mmcls - INFO - Epoch [7][50/81]	lr: 1.000e-03, eta: 0:09:16, time: 0.173, data_time: 0.011, memory: 737, loss: 3.3399
2022-07-05 10:45:19,087 - mmcls - INFO - Epoch [7][60/81]	lr: 1.000e-03, eta: 0:09:12, time: 0.167, data_time: 0.021, memory: 737, loss: 3.2872
2022-07-05 10:45:20,480 - mmcls - INFO - Epoch [7][70/81]	lr: 1.000e-03, eta: 0:09:06, time: 0.139, data_time: 0.006, memory: 737, loss: 3.2148
2022-07-05 10:45:22,272 - mmcls - INFO - Epoch [7][80/81]	lr: 1.000e-03, eta: 0:09:03, time: 0.181, data_time: 0.004, memory: 737, loss: 3.3489
2022-07-05 10:45:26,429 - mmcls - INFO - Epoch(val) [7][32]	mAP: 57.6382, ACC: 0.8761
2022-07-05 10:45:30,701 - mmcls - INFO - Epoch [8][10/81]	lr: 1.000e-03, eta: 0:09:10, time: 0.422, data_time: 0.296, memory: 737, loss: 3.3658
2022-07-05 10:45:32,642 - mmcls - INFO - Epoch [8][20/81]	lr: 1.000e-03, eta: 0:09:08, time: 0.197, data_time: 0.022, memory: 737, loss: 3.2747
2022-07-05 10:45:34,280 - mmcls - INFO - Epoch [8][30/81]	lr: 1.000e-03, eta: 0:09:04, time: 0.161, data_time: 0.038, memory: 737, loss: 3.2322
2022-07-05 10:45:36,364 - mmcls - INFO - Epoch [8][40/81]	lr: 1.000e-03, eta: 0:09:02, time: 0.211, data_time: 0.006, memory: 737, loss: 3.2080
2022-07-05 10:45:37,906 - mmcls - INFO - Epoch [8][50/81]	lr: 1.000e-03, eta: 0:08:58, time: 0.155, data_time: 0.003, memory: 737, loss: 3.3910
2022-07-05 10:45:39,983 - mmcls - INFO - Epoch [8][60/81]	lr: 1.000e-03, eta: 0:08:56, time: 0.206, data_time: 0.004, memory: 737, loss: 3.2335
2022-07-05 10:45:41,236 - mmcls - INFO - Epoch [8][70/81]	lr: 1.000e-03, eta: 0:08:50, time: 0.125, data_time: 0.004, memory: 737, loss: 3.1553
2022-07-05 10:45:42,645 - mmcls - INFO - Epoch [8][80/81]	lr: 1.000e-03, eta: 0:08:46, time: 0.142, data_time: 0.027, memory: 737, loss: 3.2348
2022-07-05 10:45:46,793 - mmcls - INFO - Epoch(val) [8][32]	mAP: 58.5946, ACC: 0.8790
2022-07-05 10:45:51,342 - mmcls - INFO - Epoch [9][10/81]	lr: 1.000e-03, eta: 0:08:52, time: 0.451, data_time: 0.276, memory: 737, loss: 3.3466
2022-07-05 10:45:52,991 - mmcls - INFO - Epoch [9][20/81]	lr: 1.000e-03, eta: 0:08:49, time: 0.164, data_time: 0.028, memory: 737, loss: 3.1933
2022-07-05 10:45:55,257 - mmcls - INFO - Epoch [9][30/81]	lr: 1.000e-03, eta: 0:08:48, time: 0.228, data_time: 0.004, memory: 737, loss: 3.0949
2022-07-05 10:45:56,563 - mmcls - INFO - Epoch [9][40/81]	lr: 1.000e-03, eta: 0:08:43, time: 0.130, data_time: 0.003, memory: 737, loss: 3.1609
2022-07-05 10:45:58,608 - mmcls - INFO - Epoch [9][50/81]	lr: 1.000e-03, eta: 0:08:41, time: 0.205, data_time: 0.077, memory: 737, loss: 3.0408
2022-07-05 10:45:59,951 - mmcls - INFO - Epoch [9][60/81]	lr: 1.000e-03, eta: 0:08:36, time: 0.134, data_time: 0.020, memory: 737, loss: 3.1445
2022-07-05 10:46:01,842 - mmcls - INFO - Epoch [9][70/81]	lr: 1.000e-03, eta: 0:08:33, time: 0.191, data_time: 0.005, memory: 737, loss: 3.2547
2022-07-05 10:46:03,148 - mmcls - INFO - Epoch [9][80/81]	lr: 1.000e-03, eta: 0:08:29, time: 0.129, data_time: 0.006, memory: 737, loss: 3.2244
2022-07-05 10:46:07,266 - mmcls - INFO - Epoch(val) [9][32]	mAP: 59.2756, ACC: 0.8789
2022-07-05 10:46:11,500 - mmcls - INFO - Epoch [10][10/81]	lr: 1.000e-03, eta: 0:08:33, time: 0.420, data_time: 0.229, memory: 737, loss: 3.3408
2022-07-05 10:46:13,322 - mmcls - INFO - Epoch [10][20/81]	lr: 1.000e-03, eta: 0:08:30, time: 0.182, data_time: 0.013, memory: 737, loss: 3.2442
2022-07-05 10:46:15,178 - mmcls - INFO - Epoch [10][30/81]	lr: 1.000e-03, eta: 0:08:28, time: 0.186, data_time: 0.004, memory: 737, loss: 3.0874
2022-07-05 10:46:16,808 - mmcls - INFO - Epoch [10][40/81]	lr: 1.000e-03, eta: 0:08:24, time: 0.162, data_time: 0.003, memory: 737, loss: 3.0684
2022-07-05 10:46:18,739 - mmcls - INFO - Epoch [10][50/81]	lr: 1.000e-03, eta: 0:08:22, time: 0.193, data_time: 0.005, memory: 737, loss: 3.0302
2022-07-05 10:46:20,259 - mmcls - INFO - Epoch [10][60/81]	lr: 1.000e-03, eta: 0:08:18, time: 0.151, data_time: 0.004, memory: 737, loss: 3.2127
2022-07-05 10:46:22,116 - mmcls - INFO - Epoch [10][70/81]	lr: 1.000e-03, eta: 0:08:16, time: 0.190, data_time: 0.035, memory: 737, loss: 3.1726
2022-07-05 10:46:23,409 - mmcls - INFO - Epoch [10][80/81]	lr: 1.000e-03, eta: 0:08:11, time: 0.127, data_time: 0.012, memory: 737, loss: 3.1835
2022-07-05 10:46:23,450 - mmcls - INFO - Saving checkpoint at 10 epochs
2022-07-05 10:46:27,724 - mmcls - INFO - Epoch(val) [10][32]	mAP: 60.0189, ACC: 0.8828
2022-07-05 10:46:32,112 - mmcls - INFO - Epoch [11][10/81]	lr: 1.000e-03, eta: 0:08:16, time: 0.435, data_time: 0.264, memory: 737, loss: 3.1690
2022-07-05 10:46:33,585 - mmcls - INFO - Epoch [11][20/81]	lr: 1.000e-03, eta: 0:08:12, time: 0.147, data_time: 0.004, memory: 737, loss: 3.1254
2022-07-05 10:46:35,592 - mmcls - INFO - Epoch [11][30/81]	lr: 1.000e-03, eta: 0:08:10, time: 0.202, data_time: 0.004, memory: 737, loss: 3.1261
2022-07-05 10:46:37,376 - mmcls - INFO - Epoch [11][40/81]	lr: 1.000e-03, eta: 0:08:07, time: 0.180, data_time: 0.080, memory: 737, loss: 3.0065
2022-07-05 10:46:38,667 - mmcls - INFO - Epoch [11][50/81]	lr: 1.000e-03, eta: 0:08:03, time: 0.129, data_time: 0.036, memory: 737, loss: 3.0884
2022-07-05 10:46:40,330 - mmcls - INFO - Epoch [11][60/81]	lr: 1.000e-03, eta: 0:08:00, time: 0.168, data_time: 0.085, memory: 737, loss: 3.1049
2022-07-05 10:46:42,057 - mmcls - INFO - Epoch [11][70/81]	lr: 1.000e-03, eta: 0:07:57, time: 0.168, data_time: 0.002, memory: 737, loss: 3.0518
2022-07-05 10:46:43,520 - mmcls - INFO - Epoch [11][80/81]	lr: 1.000e-03, eta: 0:07:53, time: 0.150, data_time: 0.005, memory: 737, loss: 3.1801
2022-07-05 10:46:47,599 - mmcls - INFO - Epoch(val) [11][32]	mAP: 60.5888, ACC: 0.8842
2022-07-05 10:46:51,688 - mmcls - INFO - Epoch [12][10/81]	lr: 1.000e-03, eta: 0:07:56, time: 0.403, data_time: 0.236, memory: 737, loss: 3.0604
2022-07-05 10:46:53,273 - mmcls - INFO - Epoch [12][20/81]	lr: 1.000e-03, eta: 0:07:53, time: 0.164, data_time: 0.007, memory: 737, loss: 3.0528
2022-07-05 10:46:55,216 - mmcls - INFO - Epoch [12][30/81]	lr: 1.000e-03, eta: 0:07:51, time: 0.190, data_time: 0.001, memory: 737, loss: 3.0089
2022-07-05 10:46:56,443 - mmcls - INFO - Epoch [12][40/81]	lr: 1.000e-03, eta: 0:07:46, time: 0.122, data_time: 0.008, memory: 737, loss: 2.8831
2022-07-05 10:46:58,221 - mmcls - INFO - Epoch [12][50/81]	lr: 1.000e-03, eta: 0:07:44, time: 0.181, data_time: 0.007, memory: 737, loss: 3.2534
2022-07-05 10:46:59,871 - mmcls - INFO - Epoch [12][60/81]	lr: 1.000e-03, eta: 0:07:41, time: 0.164, data_time: 0.003, memory: 737, loss: 3.0071
2022-07-05 10:47:01,416 - mmcls - INFO - Epoch [12][70/81]	lr: 1.000e-03, eta: 0:07:38, time: 0.158, data_time: 0.009, memory: 737, loss: 3.1361
2022-07-05 10:47:02,722 - mmcls - INFO - Epoch [12][80/81]	lr: 1.000e-03, eta: 0:07:34, time: 0.130, data_time: 0.024, memory: 737, loss: 3.2036
2022-07-05 10:47:06,607 - mmcls - INFO - Epoch(val) [12][32]	mAP: 61.0031, ACC: 0.8858
2022-07-05 10:47:10,900 - mmcls - INFO - Epoch [13][10/81]	lr: 1.000e-03, eta: 0:07:37, time: 0.425, data_time: 0.293, memory: 737, loss: 3.0922
2022-07-05 10:47:12,326 - mmcls - INFO - Epoch [13][20/81]	lr: 1.000e-03, eta: 0:07:33, time: 0.146, data_time: 0.014, memory: 737, loss: 3.0541
2022-07-05 10:47:14,095 - mmcls - INFO - Epoch [13][30/81]	lr: 1.000e-03, eta: 0:07:31, time: 0.174, data_time: 0.024, memory: 737, loss: 3.0851
2022-07-05 10:47:15,651 - mmcls - INFO - Epoch [13][40/81]	lr: 1.000e-03, eta: 0:07:28, time: 0.156, data_time: 0.065, memory: 737, loss: 3.0277
2022-07-05 10:47:16,899 - mmcls - INFO - Epoch [13][50/81]	lr: 1.000e-03, eta: 0:07:24, time: 0.127, data_time: 0.035, memory: 737, loss: 3.0528
2022-07-05 10:47:18,703 - mmcls - INFO - Epoch [13][60/81]	lr: 1.000e-03, eta: 0:07:22, time: 0.179, data_time: 0.064, memory: 737, loss: 3.0344
2022-07-05 10:47:20,384 - mmcls - INFO - Epoch [13][70/81]	lr: 1.000e-03, eta: 0:07:19, time: 0.166, data_time: 0.041, memory: 737, loss: 3.0265
2022-07-05 10:47:21,639 - mmcls - INFO - Epoch [13][80/81]	lr: 1.000e-03, eta: 0:07:15, time: 0.128, data_time: 0.005, memory: 737, loss: 2.9373
2022-07-05 10:47:25,507 - mmcls - INFO - Epoch(val) [13][32]	mAP: 61.4984, ACC: 0.8864
2022-07-05 10:47:29,589 - mmcls - INFO - Epoch [14][10/81]	lr: 1.000e-03, eta: 0:07:17, time: 0.402, data_time: 0.267, memory: 737, loss: 3.0147
2022-07-05 10:47:30,767 - mmcls - INFO - Epoch [14][20/81]	lr: 1.000e-03, eta: 0:07:13, time: 0.123, data_time: 0.027, memory: 737, loss: 3.0406
2022-07-05 10:47:32,599 - mmcls - INFO - Epoch [14][30/81]	lr: 1.000e-03, eta: 0:07:11, time: 0.181, data_time: 0.066, memory: 737, loss: 3.0308
2022-07-05 10:47:34,207 - mmcls - INFO - Epoch [14][40/81]	lr: 1.000e-03, eta: 0:07:08, time: 0.159, data_time: 0.004, memory: 737, loss: 3.0376
2022-07-05 10:47:36,301 - mmcls - INFO - Epoch [14][50/81]	lr: 1.000e-03, eta: 0:07:07, time: 0.213, data_time: 0.042, memory: 737, loss: 2.9364
2022-07-05 10:47:37,598 - mmcls - INFO - Epoch [14][60/81]	lr: 1.000e-03, eta: 0:07:03, time: 0.129, data_time: 0.001, memory: 737, loss: 2.9216
2022-07-05 10:47:39,499 - mmcls - INFO - Epoch [14][70/81]	lr: 1.000e-03, eta: 0:07:01, time: 0.191, data_time: 0.003, memory: 737, loss: 2.9460
2022-07-05 10:47:40,879 - mmcls - INFO - Epoch [14][80/81]	lr: 1.000e-03, eta: 0:06:58, time: 0.138, data_time: 0.004, memory: 737, loss: 3.0909
2022-07-05 10:47:44,741 - mmcls - INFO - Epoch(val) [14][32]	mAP: 62.1371, ACC: 0.8884
2022-07-05 10:47:48,673 - mmcls - INFO - Epoch [15][10/81]	lr: 1.000e-03, eta: 0:06:59, time: 0.393, data_time: 0.284, memory: 737, loss: 2.9067
2022-07-05 10:47:50,280 - mmcls - INFO - Epoch [15][20/81]	lr: 1.000e-03, eta: 0:06:56, time: 0.159, data_time: 0.051, memory: 737, loss: 3.0298
2022-07-05 10:47:51,787 - mmcls - INFO - Epoch [15][30/81]	lr: 1.000e-03, eta: 0:06:53, time: 0.149, data_time: 0.007, memory: 737, loss: 2.9379
2022-07-05 10:47:53,789 - mmcls - INFO - Epoch [15][40/81]	lr: 1.000e-03, eta: 0:06:51, time: 0.203, data_time: 0.077, memory: 737, loss: 2.9280
2022-07-05 10:47:55,302 - mmcls - INFO - Epoch [15][50/81]	lr: 1.000e-03, eta: 0:06:49, time: 0.152, data_time: 0.001, memory: 737, loss: 2.9213
2022-07-05 10:47:56,968 - mmcls - INFO - Epoch [15][60/81]	lr: 1.000e-03, eta: 0:06:46, time: 0.165, data_time: 0.002, memory: 737, loss: 2.9059
2022-07-05 10:47:58,174 - mmcls - INFO - Epoch [15][70/81]	lr: 1.000e-03, eta: 0:06:43, time: 0.121, data_time: 0.002, memory: 737, loss: 3.0278
2022-07-05 10:47:59,714 - mmcls - INFO - Epoch [15][80/81]	lr: 1.000e-03, eta: 0:06:40, time: 0.154, data_time: 0.002, memory: 737, loss: 2.9214
2022-07-05 10:48:03,616 - mmcls - INFO - Epoch(val) [15][32]	mAP: 62.6681, ACC: 0.8898
2022-07-05 10:48:08,464 - mmcls - INFO - Epoch [16][10/81]	lr: 1.000e-03, eta: 0:06:42, time: 0.482, data_time: 0.321, memory: 737, loss: 3.0004
2022-07-05 10:48:10,379 - mmcls - INFO - Epoch [16][20/81]	lr: 1.000e-03, eta: 0:06:40, time: 0.192, data_time: 0.068, memory: 737, loss: 2.9367
2022-07-05 10:48:12,837 - mmcls - INFO - Epoch [16][30/81]	lr: 1.000e-03, eta: 0:06:39, time: 0.246, data_time: 0.003, memory: 737, loss: 2.9467
2022-07-05 10:48:14,365 - mmcls - INFO - Epoch [16][40/81]	lr: 1.000e-03, eta: 0:06:36, time: 0.146, data_time: 0.014, memory: 737, loss: 2.9173
2022-07-05 10:48:16,817 - mmcls - INFO - Epoch [16][50/81]	lr: 1.000e-03, eta: 0:06:35, time: 0.251, data_time: 0.009, memory: 737, loss: 2.8899
2022-07-05 10:48:18,168 - mmcls - INFO - Epoch [16][60/81]	lr: 1.000e-03, eta: 0:06:32, time: 0.136, data_time: 0.004, memory: 737, loss: 2.8742
2022-07-05 10:48:20,053 - mmcls - INFO - Epoch [16][70/81]	lr: 1.000e-03, eta: 0:06:29, time: 0.188, data_time: 0.005, memory: 737, loss: 2.9844
2022-07-05 10:48:21,765 - mmcls - INFO - Epoch [16][80/81]	lr: 1.000e-03, eta: 0:06:27, time: 0.172, data_time: 0.029, memory: 737, loss: 3.0014
2022-07-05 10:48:26,029 - mmcls - INFO - Epoch(val) [16][32]	mAP: 63.1526, ACC: 0.8900
2022-07-05 10:48:30,795 - mmcls - INFO - Epoch [17][10/81]	lr: 1.000e-03, eta: 0:06:29, time: 0.473, data_time: 0.282, memory: 737, loss: 2.8919
2022-07-05 10:48:32,585 - mmcls - INFO - Epoch [17][20/81]	lr: 1.000e-03, eta: 0:06:26, time: 0.180, data_time: 0.045, memory: 737, loss: 2.8260
2022-07-05 10:48:34,479 - mmcls - INFO - Epoch [17][30/81]	lr: 1.000e-03, eta: 0:06:24, time: 0.187, data_time: 0.096, memory: 737, loss: 2.8827
2022-07-05 10:48:36,753 - mmcls - INFO - Epoch [17][40/81]	lr: 1.000e-03, eta: 0:06:23, time: 0.229, data_time: 0.137, memory: 737, loss: 2.8056
2022-07-05 10:48:38,499 - mmcls - INFO - Epoch [17][50/81]	lr: 1.000e-03, eta: 0:06:20, time: 0.175, data_time: 0.031, memory: 737, loss: 2.7925
2022-07-05 10:48:39,637 - mmcls - INFO - Epoch [17][60/81]	lr: 1.000e-03, eta: 0:06:17, time: 0.113, data_time: 0.003, memory: 737, loss: 2.9725
2022-07-05 10:48:41,635 - mmcls - INFO - Epoch [17][70/81]	lr: 1.000e-03, eta: 0:06:15, time: 0.199, data_time: 0.032, memory: 737, loss: 2.9436
2022-07-05 10:48:43,002 - mmcls - INFO - Epoch [17][80/81]	lr: 1.000e-03, eta: 0:06:12, time: 0.137, data_time: 0.007, memory: 737, loss: 2.9677
2022-07-05 10:48:47,227 - mmcls - INFO - Epoch(val) [17][32]	mAP: 63.4451, ACC: 0.8921
2022-07-05 10:48:52,074 - mmcls - INFO - Epoch [18][10/81]	lr: 1.000e-03, eta: 0:06:13, time: 0.482, data_time: 0.326, memory: 737, loss: 2.8896
2022-07-05 10:48:53,663 - mmcls - INFO - Epoch [18][20/81]	lr: 1.000e-03, eta: 0:06:11, time: 0.159, data_time: 0.006, memory: 737, loss: 2.9161
2022-07-05 10:48:55,740 - mmcls - INFO - Epoch [18][30/81]	lr: 1.000e-03, eta: 0:06:09, time: 0.209, data_time: 0.005, memory: 737, loss: 2.9053
2022-07-05 10:48:57,293 - mmcls - INFO - Epoch [18][40/81]	lr: 1.000e-03, eta: 0:06:06, time: 0.154, data_time: 0.012, memory: 737, loss: 2.9268
2022-07-05 10:48:59,843 - mmcls - INFO - Epoch [18][50/81]	lr: 1.000e-03, eta: 0:06:05, time: 0.255, data_time: 0.029, memory: 737, loss: 2.8130
2022-07-05 10:49:01,437 - mmcls - INFO - Epoch [18][60/81]	lr: 1.000e-03, eta: 0:06:02, time: 0.160, data_time: 0.070, memory: 737, loss: 2.8134
2022-07-05 10:49:03,031 - mmcls - INFO - Epoch [18][70/81]	lr: 1.000e-03, eta: 0:06:00, time: 0.159, data_time: 0.062, memory: 737, loss: 2.9318
2022-07-05 10:49:04,468 - mmcls - INFO - Epoch [18][80/81]	lr: 1.000e-03, eta: 0:05:57, time: 0.144, data_time: 0.016, memory: 737, loss: 2.8764
2022-07-05 10:49:08,668 - mmcls - INFO - Epoch(val) [18][32]	mAP: 63.7964, ACC: 0.8939
2022-07-05 10:49:13,180 - mmcls - INFO - Epoch [19][10/81]	lr: 1.000e-03, eta: 0:05:58, time: 0.448, data_time: 0.225, memory: 737, loss: 2.7926
2022-07-05 10:49:14,959 - mmcls - INFO - Epoch [19][20/81]	lr: 1.000e-03, eta: 0:05:55, time: 0.179, data_time: 0.011, memory: 737, loss: 2.9412
2022-07-05 10:49:17,111 - mmcls - INFO - Epoch [19][30/81]	lr: 1.000e-03, eta: 0:05:53, time: 0.214, data_time: 0.003, memory: 737, loss: 2.8377
2022-07-05 10:49:18,983 - mmcls - INFO - Epoch [19][40/81]	lr: 1.000e-03, eta: 0:05:51, time: 0.188, data_time: 0.066, memory: 737, loss: 2.8432
2022-07-05 10:49:21,133 - mmcls - INFO - Epoch [19][50/81]	lr: 1.000e-03, eta: 0:05:49, time: 0.214, data_time: 0.080, memory: 737, loss: 2.9571
2022-07-05 10:49:23,114 - mmcls - INFO - Epoch [19][60/81]	lr: 1.000e-03, eta: 0:05:47, time: 0.198, data_time: 0.007, memory: 737, loss: 2.7846
2022-07-05 10:49:24,642 - mmcls - INFO - Epoch [19][70/81]	lr: 1.000e-03, eta: 0:05:45, time: 0.153, data_time: 0.005, memory: 737, loss: 2.8438
2022-07-05 10:49:25,840 - mmcls - INFO - Epoch [19][80/81]	lr: 1.000e-03, eta: 0:05:42, time: 0.120, data_time: 0.003, memory: 737, loss: 2.8910
2022-07-05 10:49:29,971 - mmcls - INFO - Epoch(val) [19][32]	mAP: 64.1399, ACC: 0.8932
2022-07-05 10:49:34,809 - mmcls - INFO - Epoch [20][10/81]	lr: 1.000e-03, eta: 0:05:42, time: 0.480, data_time: 0.238, memory: 737, loss: 2.8327
2022-07-05 10:49:36,080 - mmcls - INFO - Epoch [20][20/81]	lr: 1.000e-03, eta: 0:05:40, time: 0.127, data_time: 0.005, memory: 737, loss: 2.8637
2022-07-05 10:49:37,999 - mmcls - INFO - Epoch [20][30/81]	lr: 1.000e-03, eta: 0:05:38, time: 0.196, data_time: 0.005, memory: 737, loss: 2.7807
2022-07-05 10:49:40,468 - mmcls - INFO - Epoch [20][40/81]	lr: 1.000e-03, eta: 0:05:36, time: 0.245, data_time: 0.013, memory: 737, loss: 2.9619
2022-07-05 10:49:42,175 - mmcls - INFO - Epoch [20][50/81]	lr: 1.000e-03, eta: 0:05:34, time: 0.168, data_time: 0.002, memory: 737, loss: 2.7100
2022-07-05 10:49:44,191 - mmcls - INFO - Epoch [20][60/81]	lr: 1.000e-03, eta: 0:05:32, time: 0.203, data_time: 0.005, memory: 737, loss: 2.8140
2022-07-05 10:49:46,015 - mmcls - INFO - Epoch [20][70/81]	lr: 1.000e-03, eta: 0:05:29, time: 0.184, data_time: 0.004, memory: 737, loss: 2.7719
2022-07-05 10:49:47,263 - mmcls - INFO - Epoch [20][80/81]	lr: 1.000e-03, eta: 0:05:27, time: 0.124, data_time: 0.014, memory: 737, loss: 2.8110
2022-07-05 10:49:47,317 - mmcls - INFO - Saving checkpoint at 20 epochs
2022-07-05 10:49:51,482 - mmcls - INFO - Epoch(val) [20][32]	mAP: 64.5029, ACC: 0.8953
2022-07-05 10:49:55,871 - mmcls - INFO - Epoch [21][10/81]	lr: 1.000e-04, eta: 0:05:26, time: 0.434, data_time: 0.266, memory: 737, loss: 2.7266
2022-07-05 10:49:57,952 - mmcls - INFO - Epoch [21][20/81]	lr: 1.000e-04, eta: 0:05:24, time: 0.207, data_time: 0.066, memory: 737, loss: 2.7745
2022-07-05 10:49:59,535 - mmcls - INFO - Epoch [21][30/81]	lr: 1.000e-04, eta: 0:05:22, time: 0.162, data_time: 0.007, memory: 737, loss: 2.8288
2022-07-05 10:50:01,462 - mmcls - INFO - Epoch [21][40/81]	lr: 1.000e-04, eta: 0:05:20, time: 0.192, data_time: 0.018, memory: 737, loss: 2.8063
2022-07-05 10:50:02,960 - mmcls - INFO - Epoch [21][50/81]	lr: 1.000e-04, eta: 0:05:17, time: 0.146, data_time: 0.051, memory: 737, loss: 2.7593
2022-07-05 10:50:04,524 - mmcls - INFO - Epoch [21][60/81]	lr: 1.000e-04, eta: 0:05:15, time: 0.160, data_time: 0.017, memory: 737, loss: 2.9012
2022-07-05 10:50:06,477 - mmcls - INFO - Epoch [21][70/81]	lr: 1.000e-04, eta: 0:05:13, time: 0.191, data_time: 0.006, memory: 737, loss: 2.8729
2022-07-05 10:50:07,773 - mmcls - INFO - Epoch [21][80/81]	lr: 1.000e-04, eta: 0:05:10, time: 0.133, data_time: 0.009, memory: 737, loss: 2.8564
2022-07-05 10:50:11,921 - mmcls - INFO - Epoch(val) [21][32]	mAP: 64.4721, ACC: 0.8944
2022-07-05 10:50:16,684 - mmcls - INFO - Epoch [22][10/81]	lr: 1.000e-04, eta: 0:05:10, time: 0.473, data_time: 0.338, memory: 737, loss: 2.7117
2022-07-05 10:50:18,326 - mmcls - INFO - Epoch [22][20/81]	lr: 1.000e-04, eta: 0:05:08, time: 0.160, data_time: 0.056, memory: 737, loss: 2.6973
2022-07-05 10:50:19,885 - mmcls - INFO - Epoch [22][30/81]	lr: 1.000e-04, eta: 0:05:05, time: 0.160, data_time: 0.039, memory: 737, loss: 2.6794
2022-07-05 10:50:21,995 - mmcls - INFO - Epoch [22][40/81]	lr: 1.000e-04, eta: 0:05:03, time: 0.210, data_time: 0.042, memory: 737, loss: 2.7603
2022-07-05 10:50:23,834 - mmcls - INFO - Epoch [22][50/81]	lr: 1.000e-04, eta: 0:05:01, time: 0.185, data_time: 0.039, memory: 737, loss: 2.7731
2022-07-05 10:50:25,786 - mmcls - INFO - Epoch [22][60/81]	lr: 1.000e-04, eta: 0:04:59, time: 0.195, data_time: 0.004, memory: 737, loss: 2.8054
2022-07-05 10:50:27,823 - mmcls - INFO - Epoch [22][70/81]	lr: 1.000e-04, eta: 0:04:57, time: 0.205, data_time: 0.004, memory: 737, loss: 2.7950
2022-07-05 10:50:28,767 - mmcls - INFO - Epoch [22][80/81]	lr: 1.000e-04, eta: 0:04:54, time: 0.093, data_time: 0.004, memory: 737, loss: 2.8401
2022-07-05 10:50:33,006 - mmcls - INFO - Epoch(val) [22][32]	mAP: 64.4264, ACC: 0.8937
2022-07-05 10:50:37,238 - mmcls - INFO - Epoch [23][10/81]	lr: 1.000e-04, eta: 0:04:54, time: 0.419, data_time: 0.258, memory: 737, loss: 2.6492
2022-07-05 10:50:39,430 - mmcls - INFO - Epoch [23][20/81]	lr: 1.000e-04, eta: 0:04:52, time: 0.219, data_time: 0.005, memory: 737, loss: 2.9162
2022-07-05 10:50:41,099 - mmcls - INFO - Epoch [23][30/81]	lr: 1.000e-04, eta: 0:04:49, time: 0.168, data_time: 0.005, memory: 737, loss: 2.8352
2022-07-05 10:50:42,750 - mmcls - INFO - Epoch [23][40/81]	lr: 1.000e-04, eta: 0:04:47, time: 0.165, data_time: 0.003, memory: 737, loss: 2.8795
2022-07-05 10:50:44,271 - mmcls - INFO - Epoch [23][50/81]	lr: 1.000e-04, eta: 0:04:45, time: 0.150, data_time: 0.008, memory: 737, loss: 2.7880
2022-07-05 10:50:45,843 - mmcls - INFO - Epoch [23][60/81]	lr: 1.000e-04, eta: 0:04:42, time: 0.158, data_time: 0.005, memory: 737, loss: 2.7335
2022-07-05 10:50:47,906 - mmcls - INFO - Epoch [23][70/81]	lr: 1.000e-04, eta: 0:04:40, time: 0.206, data_time: 0.005, memory: 737, loss: 2.6569
2022-07-05 10:50:49,142 - mmcls - INFO - Epoch [23][80/81]	lr: 1.000e-04, eta: 0:04:38, time: 0.123, data_time: 0.006, memory: 737, loss: 2.7124
2022-07-05 10:50:53,017 - mmcls - INFO - Epoch(val) [23][32]	mAP: 64.4112, ACC: 0.8925
2022-07-05 10:50:57,104 - mmcls - INFO - Epoch [24][10/81]	lr: 1.000e-04, eta: 0:04:37, time: 0.407, data_time: 0.230, memory: 737, loss: 2.7893
2022-07-05 10:50:58,634 - mmcls - INFO - Epoch [24][20/81]	lr: 1.000e-04, eta: 0:04:34, time: 0.151, data_time: 0.003, memory: 737, loss: 2.7255
2022-07-05 10:51:00,565 - mmcls - INFO - Epoch [24][30/81]	lr: 1.000e-04, eta: 0:04:32, time: 0.197, data_time: 0.030, memory: 737, loss: 2.8119
2022-07-05 10:51:02,218 - mmcls - INFO - Epoch [24][40/81]	lr: 1.000e-04, eta: 0:04:30, time: 0.164, data_time: 0.038, memory: 737, loss: 2.7120
2022-07-05 10:51:03,709 - mmcls - INFO - Epoch [24][50/81]	lr: 1.000e-04, eta: 0:04:28, time: 0.146, data_time: 0.050, memory: 737, loss: 2.9399
2022-07-05 10:51:05,337 - mmcls - INFO - Epoch [24][60/81]	lr: 1.000e-04, eta: 0:04:25, time: 0.163, data_time: 0.044, memory: 737, loss: 2.8809
2022-07-05 10:51:07,052 - mmcls - INFO - Epoch [24][70/81]	lr: 1.000e-04, eta: 0:04:23, time: 0.173, data_time: 0.004, memory: 737, loss: 2.7388
2022-07-05 10:51:08,105 - mmcls - INFO - Epoch [24][80/81]	lr: 1.000e-04, eta: 0:04:20, time: 0.105, data_time: 0.002, memory: 737, loss: 2.7089
2022-07-05 10:51:12,029 - mmcls - INFO - Epoch(val) [24][32]	mAP: 64.4452, ACC: 0.8931
2022-07-05 10:51:16,235 - mmcls - INFO - Epoch [25][10/81]	lr: 1.000e-04, eta: 0:04:19, time: 0.418, data_time: 0.269, memory: 737, loss: 2.7488
2022-07-05 10:51:17,785 - mmcls - INFO - Epoch [25][20/81]	lr: 1.000e-04, eta: 0:04:17, time: 0.155, data_time: 0.004, memory: 737, loss: 2.8078
2022-07-05 10:51:19,751 - mmcls - INFO - Epoch [25][30/81]	lr: 1.000e-04, eta: 0:04:15, time: 0.197, data_time: 0.005, memory: 737, loss: 2.7413
2022-07-05 10:51:21,086 - mmcls - INFO - Epoch [25][40/81]	lr: 1.000e-04, eta: 0:04:13, time: 0.131, data_time: 0.002, memory: 737, loss: 2.7439
2022-07-05 10:51:22,523 - mmcls - INFO - Epoch [25][50/81]	lr: 1.000e-04, eta: 0:04:10, time: 0.143, data_time: 0.005, memory: 737, loss: 2.8675
2022-07-05 10:51:24,192 - mmcls - INFO - Epoch [25][60/81]	lr: 1.000e-04, eta: 0:04:08, time: 0.171, data_time: 0.035, memory: 737, loss: 2.7070
2022-07-05 10:51:25,932 - mmcls - INFO - Epoch [25][70/81]	lr: 1.000e-04, eta: 0:04:06, time: 0.171, data_time: 0.001, memory: 737, loss: 2.8168
2022-07-05 10:51:27,114 - mmcls - INFO - Epoch [25][80/81]	lr: 1.000e-04, eta: 0:04:03, time: 0.121, data_time: 0.005, memory: 737, loss: 2.7878
2022-07-05 10:51:31,018 - mmcls - INFO - Epoch(val) [25][32]	mAP: 64.5338, ACC: 0.8946
2022-07-05 10:51:35,099 - mmcls - INFO - Epoch [26][10/81]	lr: 1.000e-04, eta: 0:04:02, time: 0.405, data_time: 0.227, memory: 737, loss: 2.7835
2022-07-05 10:51:36,631 - mmcls - INFO - Epoch [26][20/81]	lr: 1.000e-04, eta: 0:04:00, time: 0.156, data_time: 0.005, memory: 737, loss: 2.8643
2022-07-05 10:51:38,555 - mmcls - INFO - Epoch [26][30/81]	lr: 1.000e-04, eta: 0:03:58, time: 0.188, data_time: 0.001, memory: 737, loss: 2.7173
2022-07-05 10:51:40,232 - mmcls - INFO - Epoch [26][40/81]	lr: 1.000e-04, eta: 0:03:56, time: 0.168, data_time: 0.005, memory: 737, loss: 2.8240
2022-07-05 10:51:42,015 - mmcls - INFO - Epoch [26][50/81]	lr: 1.000e-04, eta: 0:03:54, time: 0.181, data_time: 0.006, memory: 737, loss: 2.7487
2022-07-05 10:51:43,320 - mmcls - INFO - Epoch [26][60/81]	lr: 1.000e-04, eta: 0:03:51, time: 0.131, data_time: 0.002, memory: 737, loss: 2.9451
2022-07-05 10:51:44,952 - mmcls - INFO - Epoch [26][70/81]	lr: 1.000e-04, eta: 0:03:49, time: 0.163, data_time: 0.021, memory: 737, loss: 2.6750
2022-07-05 10:51:46,215 - mmcls - INFO - Epoch [26][80/81]	lr: 1.000e-04, eta: 0:03:47, time: 0.125, data_time: 0.002, memory: 737, loss: 2.8081
2022-07-05 10:51:50,077 - mmcls - INFO - Epoch(val) [26][32]	mAP: 64.5491, ACC: 0.8941
2022-07-05 10:51:54,300 - mmcls - INFO - Epoch [27][10/81]	lr: 1.000e-04, eta: 0:03:45, time: 0.422, data_time: 0.243, memory: 737, loss: 2.9030
2022-07-05 10:51:55,711 - mmcls - INFO - Epoch [27][20/81]	lr: 1.000e-04, eta: 0:03:43, time: 0.138, data_time: 0.014, memory: 737, loss: 2.7581
2022-07-05 10:51:57,655 - mmcls - INFO - Epoch [27][30/81]	lr: 1.000e-04, eta: 0:03:41, time: 0.194, data_time: 0.104, memory: 737, loss: 2.7886
2022-07-05 10:51:59,079 - mmcls - INFO - Epoch [27][40/81]	lr: 1.000e-04, eta: 0:03:39, time: 0.144, data_time: 0.047, memory: 737, loss: 2.6434
2022-07-05 10:52:01,153 - mmcls - INFO - Epoch [27][50/81]	lr: 1.000e-04, eta: 0:03:37, time: 0.207, data_time: 0.002, memory: 737, loss: 2.7609
2022-07-05 10:52:02,319 - mmcls - INFO - Epoch [27][60/81]	lr: 1.000e-04, eta: 0:03:34, time: 0.117, data_time: 0.003, memory: 737, loss: 2.6745
2022-07-05 10:52:03,679 - mmcls - INFO - Epoch [27][70/81]	lr: 1.000e-04, eta: 0:03:32, time: 0.134, data_time: 0.036, memory: 737, loss: 2.7507
2022-07-05 10:52:05,197 - mmcls - INFO - Epoch [27][80/81]	lr: 1.000e-04, eta: 0:03:30, time: 0.153, data_time: 0.087, memory: 737, loss: 2.8001
2022-07-05 10:52:09,081 - mmcls - INFO - Epoch(val) [27][32]	mAP: 64.5777, ACC: 0.8936
2022-07-05 10:52:13,717 - mmcls - INFO - Epoch [28][10/81]	lr: 1.000e-04, eta: 0:03:29, time: 0.461, data_time: 0.250, memory: 737, loss: 2.7764
2022-07-05 10:52:14,898 - mmcls - INFO - Epoch [28][20/81]	lr: 1.000e-04, eta: 0:03:26, time: 0.118, data_time: 0.004, memory: 737, loss: 2.9024
2022-07-05 10:52:16,788 - mmcls - INFO - Epoch [28][30/81]	lr: 1.000e-04, eta: 0:03:24, time: 0.188, data_time: 0.004, memory: 737, loss: 2.8656
2022-07-05 10:52:18,033 - mmcls - INFO - Epoch [28][40/81]	lr: 1.000e-04, eta: 0:03:22, time: 0.126, data_time: 0.005, memory: 737, loss: 2.6399
2022-07-05 10:52:19,309 - mmcls - INFO - Epoch [28][50/81]	lr: 1.000e-04, eta: 0:03:20, time: 0.130, data_time: 0.009, memory: 737, loss: 2.8411
2022-07-05 10:52:21,158 - mmcls - INFO - Epoch [28][60/81]	lr: 1.000e-04, eta: 0:03:18, time: 0.183, data_time: 0.038, memory: 737, loss: 2.8510
2022-07-05 10:52:22,907 - mmcls - INFO - Epoch [28][70/81]	lr: 1.000e-04, eta: 0:03:15, time: 0.177, data_time: 0.070, memory: 737, loss: 2.7867
2022-07-05 10:52:24,137 - mmcls - INFO - Epoch [28][80/81]	lr: 1.000e-04, eta: 0:03:13, time: 0.122, data_time: 0.005, memory: 737, loss: 2.6886
2022-07-05 10:52:28,068 - mmcls - INFO - Epoch(val) [28][32]	mAP: 64.5395, ACC: 0.8935
2022-07-05 10:52:32,797 - mmcls - INFO - Epoch [29][10/81]	lr: 1.000e-04, eta: 0:03:12, time: 0.470, data_time: 0.256, memory: 737, loss: 2.8276
2022-07-05 10:52:35,387 - mmcls - INFO - Epoch [29][20/81]	lr: 1.000e-04, eta: 0:03:10, time: 0.257, data_time: 0.131, memory: 737, loss: 2.7232
2022-07-05 10:52:36,983 - mmcls - INFO - Epoch [29][30/81]	lr: 1.000e-04, eta: 0:03:08, time: 0.160, data_time: 0.040, memory: 737, loss: 2.8015
2022-07-05 10:52:39,124 - mmcls - INFO - Epoch [29][40/81]	lr: 1.000e-04, eta: 0:03:06, time: 0.214, data_time: 0.005, memory: 737, loss: 2.7234
2022-07-05 10:52:41,132 - mmcls - INFO - Epoch [29][50/81]	lr: 1.000e-04, eta: 0:03:04, time: 0.202, data_time: 0.079, memory: 737, loss: 2.7139
2022-07-05 10:52:42,587 - mmcls - INFO - Epoch [29][60/81]	lr: 1.000e-04, eta: 0:03:02, time: 0.144, data_time: 0.004, memory: 737, loss: 2.5981
2022-07-05 10:52:44,361 - mmcls - INFO - Epoch [29][70/81]	lr: 1.000e-04, eta: 0:03:00, time: 0.176, data_time: 0.013, memory: 737, loss: 2.8383
2022-07-05 10:52:45,633 - mmcls - INFO - Epoch [29][80/81]	lr: 1.000e-04, eta: 0:02:58, time: 0.131, data_time: 0.027, memory: 737, loss: 2.7112
2022-07-05 10:52:49,795 - mmcls - INFO - Epoch(val) [29][32]	mAP: 64.6003, ACC: 0.8944
2022-07-05 10:52:54,183 - mmcls - INFO - Epoch [30][10/81]	lr: 1.000e-04, eta: 0:02:56, time: 0.433, data_time: 0.338, memory: 737, loss: 2.8845
2022-07-05 10:52:56,531 - mmcls - INFO - Epoch [30][20/81]	lr: 1.000e-04, eta: 0:02:54, time: 0.238, data_time: 0.095, memory: 737, loss: 2.6495
2022-07-05 10:52:58,573 - mmcls - INFO - Epoch [30][30/81]	lr: 1.000e-04, eta: 0:02:52, time: 0.202, data_time: 0.071, memory: 737, loss: 2.7913
2022-07-05 10:53:00,044 - mmcls - INFO - Epoch [30][40/81]	lr: 1.000e-04, eta: 0:02:50, time: 0.149, data_time: 0.005, memory: 737, loss: 2.7961
2022-07-05 10:53:01,911 - mmcls - INFO - Epoch [30][50/81]	lr: 1.000e-04, eta: 0:02:48, time: 0.185, data_time: 0.011, memory: 737, loss: 2.6739
2022-07-05 10:53:03,495 - mmcls - INFO - Epoch [30][60/81]	lr: 1.000e-04, eta: 0:02:46, time: 0.158, data_time: 0.004, memory: 737, loss: 2.7055
2022-07-05 10:53:05,590 - mmcls - INFO - Epoch [30][70/81]	lr: 1.000e-04, eta: 0:02:44, time: 0.210, data_time: 0.006, memory: 737, loss: 2.7150
2022-07-05 10:53:06,750 - mmcls - INFO - Epoch [30][80/81]	lr: 1.000e-04, eta: 0:02:42, time: 0.117, data_time: 0.004, memory: 737, loss: 2.7331
2022-07-05 10:53:06,808 - mmcls - INFO - Saving checkpoint at 30 epochs
2022-07-05 10:53:11,004 - mmcls - INFO - Epoch(val) [30][32]	mAP: 64.7275, ACC: 0.8943
2022-07-05 10:53:15,567 - mmcls - INFO - Epoch [31][10/81]	lr: 1.000e-04, eta: 0:02:40, time: 0.453, data_time: 0.255, memory: 737, loss: 2.7641
2022-07-05 10:53:16,795 - mmcls - INFO - Epoch [31][20/81]	lr: 1.000e-04, eta: 0:02:38, time: 0.122, data_time: 0.005, memory: 737, loss: 2.8693
2022-07-05 10:53:18,508 - mmcls - INFO - Epoch [31][30/81]	lr: 1.000e-04, eta: 0:02:36, time: 0.170, data_time: 0.004, memory: 737, loss: 2.6703
2022-07-05 10:53:20,292 - mmcls - INFO - Epoch [31][40/81]	lr: 1.000e-04, eta: 0:02:34, time: 0.180, data_time: 0.006, memory: 737, loss: 2.8259
2022-07-05 10:53:22,273 - mmcls - INFO - Epoch [31][50/81]	lr: 1.000e-04, eta: 0:02:32, time: 0.199, data_time: 0.004, memory: 737, loss: 2.7771
2022-07-05 10:53:24,231 - mmcls - INFO - Epoch [31][60/81]	lr: 1.000e-04, eta: 0:02:30, time: 0.191, data_time: 0.086, memory: 737, loss: 2.7955
2022-07-05 10:53:25,595 - mmcls - INFO - Epoch [31][70/81]	lr: 1.000e-04, eta: 0:02:28, time: 0.140, data_time: 0.019, memory: 737, loss: 2.7529
2022-07-05 10:53:27,144 - mmcls - INFO - Epoch [31][80/81]	lr: 1.000e-04, eta: 0:02:25, time: 0.154, data_time: 0.007, memory: 737, loss: 2.7358
2022-07-05 10:53:31,272 - mmcls - INFO - Epoch(val) [31][32]	mAP: 64.8440, ACC: 0.8953
2022-07-05 10:53:35,555 - mmcls - INFO - Epoch [32][10/81]	lr: 1.000e-04, eta: 0:02:24, time: 0.425, data_time: 0.289, memory: 737, loss: 2.7156
2022-07-05 10:53:37,476 - mmcls - INFO - Epoch [32][20/81]	lr: 1.000e-04, eta: 0:02:22, time: 0.193, data_time: 0.006, memory: 737, loss: 2.7878
2022-07-05 10:53:39,387 - mmcls - INFO - Epoch [32][30/81]	lr: 1.000e-04, eta: 0:02:20, time: 0.192, data_time: 0.020, memory: 737, loss: 2.8581
2022-07-05 10:53:41,186 - mmcls - INFO - Epoch [32][40/81]	lr: 1.000e-04, eta: 0:02:18, time: 0.177, data_time: 0.001, memory: 737, loss: 2.8367
2022-07-05 10:53:43,160 - mmcls - INFO - Epoch [32][50/81]	lr: 1.000e-04, eta: 0:02:16, time: 0.198, data_time: 0.005, memory: 737, loss: 2.8766
2022-07-05 10:53:44,775 - mmcls - INFO - Epoch [32][60/81]	lr: 1.000e-04, eta: 0:02:14, time: 0.161, data_time: 0.022, memory: 737, loss: 2.7103
2022-07-05 10:53:46,511 - mmcls - INFO - Epoch [32][70/81]	lr: 1.000e-04, eta: 0:02:11, time: 0.170, data_time: 0.017, memory: 737, loss: 2.7081
2022-07-05 10:53:47,798 - mmcls - INFO - Epoch [32][80/81]	lr: 1.000e-04, eta: 0:02:09, time: 0.133, data_time: 0.056, memory: 737, loss: 2.7490
2022-07-05 10:53:52,014 - mmcls - INFO - Epoch(val) [32][32]	mAP: 64.7843, ACC: 0.8948
2022-07-05 10:53:56,294 - mmcls - INFO - Epoch [33][10/81]	lr: 1.000e-04, eta: 0:02:08, time: 0.426, data_time: 0.246, memory: 737, loss: 2.6926
2022-07-05 10:53:58,175 - mmcls - INFO - Epoch [33][20/81]	lr: 1.000e-04, eta: 0:02:06, time: 0.186, data_time: 0.040, memory: 737, loss: 2.7913
2022-07-05 10:53:59,864 - mmcls - INFO - Epoch [33][30/81]	lr: 1.000e-04, eta: 0:02:04, time: 0.172, data_time: 0.065, memory: 737, loss: 2.7605
2022-07-05 10:54:01,900 - mmcls - INFO - Epoch [33][40/81]	lr: 1.000e-04, eta: 0:02:01, time: 0.200, data_time: 0.099, memory: 737, loss: 2.7454
2022-07-05 10:54:03,408 - mmcls - INFO - Epoch [33][50/81]	lr: 1.000e-04, eta: 0:01:59, time: 0.153, data_time: 0.056, memory: 737, loss: 2.7249
2022-07-05 10:54:05,431 - mmcls - INFO - Epoch [33][60/81]	lr: 1.000e-04, eta: 0:01:57, time: 0.201, data_time: 0.019, memory: 737, loss: 2.6826
2022-07-05 10:54:07,411 - mmcls - INFO - Epoch [33][70/81]	lr: 1.000e-04, eta: 0:01:55, time: 0.199, data_time: 0.082, memory: 737, loss: 2.8599
2022-07-05 10:54:08,679 - mmcls - INFO - Epoch [33][80/81]	lr: 1.000e-04, eta: 0:01:53, time: 0.126, data_time: 0.010, memory: 737, loss: 2.7712
2022-07-05 10:54:12,799 - mmcls - INFO - Epoch(val) [33][32]	mAP: 64.8024, ACC: 0.8949
2022-07-05 10:54:16,968 - mmcls - INFO - Epoch [34][10/81]	lr: 1.000e-04, eta: 0:01:51, time: 0.413, data_time: 0.268, memory: 737, loss: 2.6886
2022-07-05 10:54:18,877 - mmcls - INFO - Epoch [34][20/81]	lr: 1.000e-04, eta: 0:01:49, time: 0.192, data_time: 0.031, memory: 737, loss: 2.7633
2022-07-05 10:54:21,126 - mmcls - INFO - Epoch [34][30/81]	lr: 1.000e-04, eta: 0:01:47, time: 0.225, data_time: 0.004, memory: 737, loss: 2.7283
2022-07-05 10:54:22,732 - mmcls - INFO - Epoch [34][40/81]	lr: 1.000e-04, eta: 0:01:45, time: 0.162, data_time: 0.003, memory: 737, loss: 2.6930
2022-07-05 10:54:24,763 - mmcls - INFO - Epoch [34][50/81]	lr: 1.000e-04, eta: 0:01:43, time: 0.200, data_time: 0.041, memory: 737, loss: 2.6937
2022-07-05 10:54:26,219 - mmcls - INFO - Epoch [34][60/81]	lr: 1.000e-04, eta: 0:01:41, time: 0.148, data_time: 0.014, memory: 737, loss: 2.7896
2022-07-05 10:54:27,954 - mmcls - INFO - Epoch [34][70/81]	lr: 1.000e-04, eta: 0:01:39, time: 0.173, data_time: 0.042, memory: 737, loss: 2.6979
2022-07-05 10:54:29,150 - mmcls - INFO - Epoch [34][80/81]	lr: 1.000e-04, eta: 0:01:37, time: 0.119, data_time: 0.033, memory: 737, loss: 2.6884
2022-07-05 10:54:33,299 - mmcls - INFO - Epoch(val) [34][32]	mAP: 64.8453, ACC: 0.8949
2022-07-05 10:54:38,035 - mmcls - INFO - Epoch [35][10/81]	lr: 1.000e-04, eta: 0:01:35, time: 0.469, data_time: 0.308, memory: 737, loss: 2.6828
2022-07-05 10:54:39,312 - mmcls - INFO - Epoch [35][20/81]	lr: 1.000e-04, eta: 0:01:33, time: 0.130, data_time: 0.005, memory: 737, loss: 2.8256
2022-07-05 10:54:40,929 - mmcls - INFO - Epoch [35][30/81]	lr: 1.000e-04, eta: 0:01:31, time: 0.162, data_time: 0.004, memory: 737, loss: 2.8417
2022-07-05 10:54:43,260 - mmcls - INFO - Epoch [35][40/81]	lr: 1.000e-04, eta: 0:01:29, time: 0.233, data_time: 0.126, memory: 737, loss: 2.7250
2022-07-05 10:54:44,581 - mmcls - INFO - Epoch [35][50/81]	lr: 1.000e-04, eta: 0:01:27, time: 0.127, data_time: 0.004, memory: 737, loss: 2.6755
2022-07-05 10:54:46,318 - mmcls - INFO - Epoch [35][60/81]	lr: 1.000e-04, eta: 0:01:25, time: 0.179, data_time: 0.023, memory: 737, loss: 2.5923
2022-07-05 10:54:48,388 - mmcls - INFO - Epoch [35][70/81]	lr: 1.000e-04, eta: 0:01:23, time: 0.206, data_time: 0.034, memory: 737, loss: 2.7855
2022-07-05 10:54:49,822 - mmcls - INFO - Epoch [35][80/81]	lr: 1.000e-04, eta: 0:01:21, time: 0.144, data_time: 0.005, memory: 737, loss: 2.7647
2022-07-05 10:54:53,934 - mmcls - INFO - Epoch(val) [35][32]	mAP: 64.7687, ACC: 0.8941
2022-07-05 10:54:58,947 - mmcls - INFO - Epoch [36][10/81]	lr: 1.000e-04, eta: 0:01:19, time: 0.499, data_time: 0.291, memory: 737, loss: 2.8000
2022-07-05 10:55:01,083 - mmcls - INFO - Epoch [36][20/81]	lr: 1.000e-04, eta: 0:01:17, time: 0.214, data_time: 0.097, memory: 737, loss: 2.7696
2022-07-05 10:55:02,883 - mmcls - INFO - Epoch [36][30/81]	lr: 1.000e-04, eta: 0:01:15, time: 0.177, data_time: 0.080, memory: 737, loss: 2.8363
2022-07-05 10:55:04,247 - mmcls - INFO - Epoch [36][40/81]	lr: 1.000e-04, eta: 0:01:13, time: 0.139, data_time: 0.006, memory: 737, loss: 2.9753
2022-07-05 10:55:05,978 - mmcls - INFO - Epoch [36][50/81]	lr: 1.000e-04, eta: 0:01:11, time: 0.170, data_time: 0.005, memory: 737, loss: 2.6802
2022-07-05 10:55:07,691 - mmcls - INFO - Epoch [36][60/81]	lr: 1.000e-04, eta: 0:01:09, time: 0.172, data_time: 0.045, memory: 737, loss: 2.6844
2022-07-05 10:55:09,539 - mmcls - INFO - Epoch [36][70/81]	lr: 1.000e-04, eta: 0:01:07, time: 0.187, data_time: 0.046, memory: 737, loss: 2.7339
2022-07-05 10:55:10,961 - mmcls - INFO - Epoch [36][80/81]	lr: 1.000e-04, eta: 0:01:05, time: 0.140, data_time: 0.021, memory: 737, loss: 2.6514
2022-07-05 10:55:14,838 - mmcls - INFO - Epoch(val) [36][32]	mAP: 64.8260, ACC: 0.8949
2022-07-05 10:55:19,205 - mmcls - INFO - Epoch [37][10/81]	lr: 1.000e-04, eta: 0:01:03, time: 0.433, data_time: 0.302, memory: 737, loss: 2.8178
2022-07-05 10:55:20,416 - mmcls - INFO - Epoch [37][20/81]	lr: 1.000e-04, eta: 0:01:01, time: 0.122, data_time: 0.007, memory: 737, loss: 2.7060
2022-07-05 10:55:22,079 - mmcls - INFO - Epoch [37][30/81]	lr: 1.000e-04, eta: 0:00:59, time: 0.168, data_time: 0.003, memory: 737, loss: 2.7473
2022-07-05 10:55:23,935 - mmcls - INFO - Epoch [37][40/81]	lr: 1.000e-04, eta: 0:00:57, time: 0.183, data_time: 0.001, memory: 737, loss: 2.6927
2022-07-05 10:55:25,195 - mmcls - INFO - Epoch [37][50/81]	lr: 1.000e-04, eta: 0:00:54, time: 0.127, data_time: 0.003, memory: 737, loss: 2.8100
2022-07-05 10:55:26,571 - mmcls - INFO - Epoch [37][60/81]	lr: 1.000e-04, eta: 0:00:52, time: 0.139, data_time: 0.002, memory: 737, loss: 2.7190
2022-07-05 10:55:28,367 - mmcls - INFO - Epoch [37][70/81]	lr: 1.000e-04, eta: 0:00:50, time: 0.174, data_time: 0.001, memory: 737, loss: 2.7347
2022-07-05 10:55:29,797 - mmcls - INFO - Epoch [37][80/81]	lr: 1.000e-04, eta: 0:00:48, time: 0.147, data_time: 0.007, memory: 737, loss: 2.7369
2022-07-05 10:55:33,920 - mmcls - INFO - Epoch(val) [37][32]	mAP: 64.7849, ACC: 0.8961
2022-07-05 10:55:38,598 - mmcls - INFO - Epoch [38][10/81]	lr: 1.000e-04, eta: 0:00:46, time: 0.466, data_time: 0.387, memory: 737, loss: 2.8181
2022-07-05 10:55:40,208 - mmcls - INFO - Epoch [38][20/81]	lr: 1.000e-04, eta: 0:00:44, time: 0.162, data_time: 0.004, memory: 737, loss: 2.7962
2022-07-05 10:55:41,603 - mmcls - INFO - Epoch [38][30/81]	lr: 1.000e-04, eta: 0:00:42, time: 0.135, data_time: 0.001, memory: 737, loss: 2.6074
2022-07-05 10:55:43,242 - mmcls - INFO - Epoch [38][40/81]	lr: 1.000e-04, eta: 0:00:40, time: 0.169, data_time: 0.007, memory: 737, loss: 2.8265
2022-07-05 10:55:44,615 - mmcls - INFO - Epoch [38][50/81]	lr: 1.000e-04, eta: 0:00:38, time: 0.131, data_time: 0.005, memory: 737, loss: 2.6224
2022-07-05 10:55:46,377 - mmcls - INFO - Epoch [38][60/81]	lr: 1.000e-04, eta: 0:00:36, time: 0.182, data_time: 0.022, memory: 737, loss: 2.7540
2022-07-05 10:55:48,095 - mmcls - INFO - Epoch [38][70/81]	lr: 1.000e-04, eta: 0:00:34, time: 0.172, data_time: 0.001, memory: 737, loss: 2.7093
2022-07-05 10:55:49,052 - mmcls - INFO - Epoch [38][80/81]	lr: 1.000e-04, eta: 0:00:32, time: 0.094, data_time: 0.000, memory: 737, loss: 2.7706
2022-07-05 10:55:53,063 - mmcls - INFO - Epoch(val) [38][32]	mAP: 64.7750, ACC: 0.8945
2022-07-05 10:55:57,326 - mmcls - INFO - Epoch [39][10/81]	lr: 1.000e-04, eta: 0:00:30, time: 0.424, data_time: 0.267, memory: 737, loss: 2.7379
2022-07-05 10:55:59,135 - mmcls - INFO - Epoch [39][20/81]	lr: 1.000e-04, eta: 0:00:28, time: 0.182, data_time: 0.003, memory: 737, loss: 2.7601
2022-07-05 10:56:00,689 - mmcls - INFO - Epoch [39][30/81]	lr: 1.000e-04, eta: 0:00:26, time: 0.156, data_time: 0.006, memory: 737, loss: 2.6925
2022-07-05 10:56:02,392 - mmcls - INFO - Epoch [39][40/81]	lr: 1.000e-04, eta: 0:00:24, time: 0.169, data_time: 0.014, memory: 737, loss: 2.8356
2022-07-05 10:56:04,445 - mmcls - INFO - Epoch [39][50/81]	lr: 1.000e-04, eta: 0:00:22, time: 0.206, data_time: 0.075, memory: 737, loss: 2.7872
2022-07-05 10:56:05,764 - mmcls - INFO - Epoch [39][60/81]	lr: 1.000e-04, eta: 0:00:20, time: 0.127, data_time: 0.050, memory: 737, loss: 2.6306
2022-07-05 10:56:07,630 - mmcls - INFO - Epoch [39][70/81]	lr: 1.000e-04, eta: 0:00:18, time: 0.191, data_time: 0.007, memory: 737, loss: 2.8517
2022-07-05 10:56:08,645 - mmcls - INFO - Epoch [39][80/81]	lr: 1.000e-04, eta: 0:00:16, time: 0.102, data_time: 0.002, memory: 737, loss: 2.7036
2022-07-05 10:56:12,727 - mmcls - INFO - Epoch(val) [39][32]	mAP: 64.8821, ACC: 0.8951
2022-07-05 10:56:16,928 - mmcls - INFO - Epoch [40][10/81]	lr: 1.000e-04, eta: 0:00:14, time: 0.416, data_time: 0.277, memory: 737, loss: 2.6496
2022-07-05 10:56:18,455 - mmcls - INFO - Epoch [40][20/81]	lr: 1.000e-04, eta: 0:00:12, time: 0.154, data_time: 0.005, memory: 737, loss: 2.6090
2022-07-05 10:56:20,201 - mmcls - INFO - Epoch [40][30/81]	lr: 1.000e-04, eta: 0:00:10, time: 0.175, data_time: 0.015, memory: 737, loss: 2.8798
2022-07-05 10:56:21,863 - mmcls - INFO - Epoch [40][40/81]	lr: 1.000e-04, eta: 0:00:08, time: 0.165, data_time: 0.024, memory: 737, loss: 2.7758
2022-07-05 10:56:23,340 - mmcls - INFO - Epoch [40][50/81]	lr: 1.000e-04, eta: 0:00:06, time: 0.145, data_time: 0.045, memory: 737, loss: 2.8215
2022-07-05 10:56:25,015 - mmcls - INFO - Epoch [40][60/81]	lr: 1.000e-04, eta: 0:00:04, time: 0.164, data_time: 0.007, memory: 737, loss: 2.6217
2022-07-05 10:56:26,670 - mmcls - INFO - Epoch [40][70/81]	lr: 1.000e-04, eta: 0:00:02, time: 0.171, data_time: 0.081, memory: 737, loss: 2.7456
2022-07-05 10:56:27,717 - mmcls - INFO - Epoch [40][80/81]	lr: 1.000e-04, eta: 0:00:00, time: 0.107, data_time: 0.046, memory: 737, loss: 2.9060
2022-07-05 10:56:27,792 - mmcls - INFO - Saving checkpoint at 40 epochs
2022-07-05 10:56:31,747 - mmcls - INFO - Epoch(val) [40][32]	mAP: 64.8983, ACC: 0.8954
